{"/home/travis/build/npmtest/node-npmtest-angular2-cli/test.js":{"path":"/home/travis/build/npmtest/node-npmtest-angular2-cli/test.js","s":{"1":2,"2":2,"3":2,"4":2,"5":2,"6":2,"7":2,"8":1,"9":2,"10":2,"11":1,"12":1,"13":1,"14":1,"15":2,"16":2,"17":2,"18":2,"19":1,"20":1,"21":2,"22":2,"23":2,"24":1,"25":1,"26":1,"27":1,"28":1,"29":1,"30":1,"31":1,"32":1,"33":1,"34":1,"35":1,"36":1,"37":1,"38":1,"39":2,"40":2,"41":1,"42":2,"43":2,"44":1,"45":2,"46":2,"47":1,"48":2,"49":2,"50":1,"51":1,"52":1,"53":1,"54":1},"b":{"1":[2,1,1,1],"2":[1,1,1,1],"3":[1,1],"4":[1,1],"5":[1,1],"6":[1,1],"7":[1,1],"8":[1,1],"9":[1,1],"10":[1,1,1],"11":[1,1],"12":[1,1],"13":[1,1],"14":[1,1],"15":[1,1],"16":[1,1],"17":[1,1]},"f":{"1":2,"2":2,"3":2,"4":2,"5":2,"6":1,"7":1,"8":1,"9":2,"10":2,"11":2,"12":2,"13":1},"fnMap":{"1":{"name":"(anonymous_1)","line":12,"loc":{"start":{"line":12,"column":1},"end":{"line":12,"column":13}}},"2":{"name":"(anonymous_2)","line":19,"loc":{"start":{"line":19,"column":5},"end":{"line":19,"column":17}}},"3":{"name":"(anonymous_3)","line":23,"loc":{"start":{"line":23,"column":24},"end":{"line":23,"column":36}}},"4":{"name":"(anonymous_4)","line":61,"loc":{"start":{"line":61,"column":5},"end":{"line":61,"column":17}}},"5":{"name":"(anonymous_5)","line":82,"loc":{"start":{"line":82,"column":5},"end":{"line":82,"column":17}}},"6":{"name":"(anonymous_6)","line":91,"loc":{"start":{"line":91,"column":77},"end":{"line":94,"column":10}}},"7":{"name":"(anonymous_7)","line":112,"loc":{"start":{"line":112,"column":83},"end":{"line":115,"column":10}},"skip":true},"8":{"name":"(anonymous_8)","line":123,"loc":{"start":{"line":123,"column":77},"end":{"line":126,"column":10}},"skip":true},"9":{"name":"(anonymous_9)","line":139,"loc":{"start":{"line":139,"column":12},"end":{"line":139,"column":40}},"skip":true},"10":{"name":"(anonymous_10)","line":147,"loc":{"start":{"line":147,"column":77},"end":{"line":150,"column":10}},"skip":true},"11":{"name":"(anonymous_11)","line":158,"loc":{"start":{"line":158,"column":83},"end":{"line":161,"column":10}},"skip":true},"12":{"name":"(anonymous_12)","line":169,"loc":{"start":{"line":169,"column":79},"end":{"line":172,"column":10}},"skip":true},"13":{"name":"(anonymous_13)","line":180,"loc":{"start":{"line":180,"column":75},"end":{"line":183,"column":10}},"skip":true}},"statementMap":{"1":{"start":{"line":12,"column":0},"end":{"line":195,"column":5}},"2":{"start":{"line":14,"column":4},"end":{"line":14,"column":14}},"3":{"start":{"line":19,"column":4},"end":{"line":56,"column":9}},"4":{"start":{"line":21,"column":8},"end":{"line":21,"column":19}},"5":{"start":{"line":23,"column":8},"end":{"line":35,"column":13}},"6":{"start":{"line":24,"column":12},"end":{"line":34,"column":13}},"7":{"start":{"line":25,"column":16},"end":{"line":28,"column":30}},"8":{"start":{"line":30,"column":16},"end":{"line":33,"column":27}},"9":{"start":{"line":37,"column":8},"end":{"line":39,"column":21}},"10":{"start":{"line":40,"column":8},"end":{"line":53,"column":9}},"11":{"start":{"line":43,"column":12},"end":{"line":46,"column":14}},"12":{"start":{"line":47,"column":12},"end":{"line":47,"column":18}},"13":{"start":{"line":50,"column":12},"end":{"line":51,"column":46}},"14":{"start":{"line":52,"column":12},"end":{"line":52,"column":18}},"15":{"start":{"line":55,"column":8},"end":{"line":55,"column":35}},"16":{"start":{"line":61,"column":4},"end":{"line":63,"column":9}},"17":{"start":{"line":62,"column":8},"end":{"line":62,"column":15}},"18":{"start":{"line":64,"column":4},"end":{"line":77,"column":5}},"19":{"start":{"line":70,"column":8},"end":{"line":70,"column":14}},"20":{"start":{"line":76,"column":8},"end":{"line":76,"column":14}},"21":{"start":{"line":82,"column":4},"end":{"line":84,"column":9}},"22":{"start":{"line":83,"column":8},"end":{"line":83,"column":15}},"23":{"start":{"line":85,"column":4},"end":{"line":194,"column":5}},"24":{"start":{"line":91,"column":8},"end":{"line":99,"column":10}},"25":{"start":{"line":98,"column":12},"end":{"line":98,"column":35}},"26":{"start":{"line":102,"column":8},"end":{"line":104,"column":63}},"27":{"start":{"line":105,"column":8},"end":{"line":105,"column":14}},"28":{"start":{"line":112,"column":8},"end":{"line":121,"column":10},"skip":true},"29":{"start":{"line":119,"column":12},"end":{"line":119,"column":55},"skip":true},"30":{"start":{"line":120,"column":12},"end":{"line":120,"column":48},"skip":true},"31":{"start":{"line":123,"column":8},"end":{"line":136,"column":10},"skip":true},"32":{"start":{"line":130,"column":12},"end":{"line":130,"column":76},"skip":true},"33":{"start":{"line":131,"column":12},"end":{"line":131,"column":73},"skip":true},"34":{"start":{"line":132,"column":12},"end":{"line":132,"column":74},"skip":true},"35":{"start":{"line":133,"column":12},"end":{"line":133,"column":79},"skip":true},"36":{"start":{"line":134,"column":12},"end":{"line":134,"column":25},"skip":true},"37":{"start":{"line":135,"column":12},"end":{"line":135,"column":45},"skip":true},"38":{"start":{"line":138,"column":8},"end":{"line":145,"column":14},"skip":true},"39":{"start":{"line":143,"column":16},"end":{"line":143,"column":29},"skip":true},"40":{"start":{"line":144,"column":16},"end":{"line":144,"column":55},"skip":true},"41":{"start":{"line":147,"column":8},"end":{"line":156,"column":10},"skip":true},"42":{"start":{"line":154,"column":12},"end":{"line":154,"column":25},"skip":true},"43":{"start":{"line":155,"column":12},"end":{"line":155,"column":45},"skip":true},"44":{"start":{"line":158,"column":8},"end":{"line":167,"column":10},"skip":true},"45":{"start":{"line":165,"column":12},"end":{"line":165,"column":25},"skip":true},"46":{"start":{"line":166,"column":12},"end":{"line":166,"column":48},"skip":true},"47":{"start":{"line":169,"column":8},"end":{"line":178,"column":10},"skip":true},"48":{"start":{"line":176,"column":12},"end":{"line":176,"column":25},"skip":true},"49":{"start":{"line":177,"column":12},"end":{"line":177,"column":46},"skip":true},"50":{"start":{"line":180,"column":8},"end":{"line":189,"column":10},"skip":true},"51":{"start":{"line":187,"column":12},"end":{"line":187,"column":94},"skip":true},"52":{"start":{"line":188,"column":12},"end":{"line":188,"column":48},"skip":true},"53":{"start":{"line":192,"column":8},"end":{"line":192,"column":35},"skip":true},"54":{"start":{"line":193,"column":8},"end":{"line":193,"column":14},"skip":true}},"branchMap":{"1":{"line":25,"type":"binary-expr","locations":[{"start":{"line":25,"column":23},"end":{"line":25,"column":62}},{"start":{"line":26,"column":20},"end":{"line":26,"column":70}},{"start":{"line":27,"column":20},"end":{"line":27,"column":71}},{"start":{"line":28,"column":20},"end":{"line":28,"column":29}}]},"2":{"line":30,"type":"binary-expr","locations":[{"start":{"line":30,"column":23},"end":{"line":30,"column":37}},{"start":{"line":31,"column":20},"end":{"line":31,"column":61}},{"start":{"line":32,"column":20},"end":{"line":32,"column":70}},{"start":{"line":33,"column":20},"end":{"line":33,"column":26}}]},"3":{"line":37,"type":"cond-expr","locations":[{"start":{"line":38,"column":14},"end":{"line":38,"column":20}},{"start":{"line":39,"column":14},"end":{"line":39,"column":20}}]},"4":{"line":40,"type":"switch","locations":[{"start":{"line":42,"column":8},"end":{"line":47,"column":18}},{"start":{"line":49,"column":8},"end":{"line":52,"column":18}}]},"5":{"line":44,"type":"binary-expr","locations":[{"start":{"line":44,"column":16},"end":{"line":44,"column":44}},{"start":{"line":44,"column":48},"end":{"line":44,"column":66}}]},"6":{"line":50,"type":"binary-expr","locations":[{"start":{"line":50,"column":21},"end":{"line":50,"column":49}},{"start":{"line":50,"column":53},"end":{"line":50,"column":72}}]},"7":{"line":64,"type":"switch","locations":[{"start":{"line":69,"column":4},"end":{"line":70,"column":14}},{"start":{"line":75,"column":4},"end":{"line":76,"column":14}}]},"8":{"line":85,"type":"switch","locations":[{"start":{"line":90,"column":4},"end":{"line":105,"column":14}},{"start":{"line":111,"column":4},"end":{"line":193,"column":14},"skip":true}]},"9":{"line":91,"type":"binary-expr","locations":[{"start":{"line":91,"column":42},"end":{"line":91,"column":73}},{"start":{"line":91,"column":77},"end":{"line":99,"column":9}}]},"10":{"line":102,"type":"binary-expr","locations":[{"start":{"line":102,"column":18},"end":{"line":102,"column":32}},{"start":{"line":103,"column":12},"end":{"line":103,"column":53}},{"start":{"line":104,"column":12},"end":{"line":104,"column":61}}]},"11":{"line":112,"type":"binary-expr","locations":[{"start":{"line":112,"column":45},"end":{"line":112,"column":79},"skip":true},{"start":{"line":112,"column":83},"end":{"line":121,"column":9},"skip":true}]},"12":{"line":123,"type":"binary-expr","locations":[{"start":{"line":123,"column":42},"end":{"line":123,"column":73},"skip":true},{"start":{"line":123,"column":77},"end":{"line":136,"column":9},"skip":true}]},"13":{"line":138,"type":"binary-expr","locations":[{"start":{"line":138,"column":48},"end":{"line":138,"column":85},"skip":true},{"start":{"line":139,"column":12},"end":{"line":145,"column":13},"skip":true}]},"14":{"line":147,"type":"binary-expr","locations":[{"start":{"line":147,"column":42},"end":{"line":147,"column":73},"skip":true},{"start":{"line":147,"column":77},"end":{"line":156,"column":9},"skip":true}]},"15":{"line":158,"type":"binary-expr","locations":[{"start":{"line":158,"column":45},"end":{"line":158,"column":79},"skip":true},{"start":{"line":158,"column":83},"end":{"line":167,"column":9},"skip":true}]},"16":{"line":169,"type":"binary-expr","locations":[{"start":{"line":169,"column":43},"end":{"line":169,"column":75},"skip":true},{"start":{"line":169,"column":79},"end":{"line":178,"column":9},"skip":true}]},"17":{"line":180,"type":"binary-expr","locations":[{"start":{"line":180,"column":41},"end":{"line":180,"column":71},"skip":true},{"start":{"line":180,"column":75},"end":{"line":189,"column":9},"skip":true}]}},"code":["/* istanbul instrument in package npmtest_angular2_cli */","/*jslint","    bitwise: true,","    browser: true,","    maxerr: 8,","    maxlen: 96,","    node: true,","    nomen: true,","    regexp: true,","    stupid: true","*/","(function () {","    'use strict';","    var local;","","","","    // run shared js-env code - pre-init","    (function () {","        // init local","        local = {};","        // init modeJs","        local.modeJs = (function () {","            try {","                return typeof navigator.userAgent === 'string' &&","                    typeof document.querySelector('body') === 'object' &&","                    typeof XMLHttpRequest.prototype.open === 'function' &&","                    'browser';","            } catch (errorCaughtBrowser) {","                return module.exports &&","                    typeof process.versions.node === 'string' &&","                    typeof require('http').createServer === 'function' &&","                    'node';","            }","        }());","        // init global","        local.global = local.modeJs === 'browser'","            ? window","            : global;","        switch (local.modeJs) {","        // re-init local from window.local","        case 'browser':","            local = local.global.utility2.objectSetDefault(","                local.global.utility2_rollup || local.global.local,","                local.global.utility2","            );","            break;","        // re-init local from example.js","        case 'node':","            local = (local.global.utility2_rollup || require('utility2'))","                .requireExampleJsFromReadme();","            break;","        }","        // export local","        local.global.local = local;","    }());","","","","    // run shared js-env code - function","    (function () {","        return;","    }());","    switch (local.modeJs) {","","","","    // run browser js-env code - function","    case 'browser':","        break;","","","","    // run node js-env code - function","    case 'node':","        break;","    }","","","","    // run shared js-env code - post-init","    (function () {","        return;","    }());","    switch (local.modeJs) {","","","","    // run browser js-env code - post-init","    case 'browser':","        local.testCase_browser_nullCase = local.testCase_browser_nullCase || function (","            options,","            onError","        ) {","        /*","         * this function will test browsers's null-case handling-behavior-behavior","         */","            onError(null, options);","        };","","        // run tests","        local.nop(local.modeTest &&","            document.querySelector('#testRunButton1') &&","            document.querySelector('#testRunButton1').click());","        break;","","","","    // run node js-env code - post-init","    /* istanbul ignore next */","    case 'node':","        local.testCase_buildApidoc_default = local.testCase_buildApidoc_default || function (","            options,","            onError","        ) {","        /*","         * this function will test buildApidoc's default handling-behavior-behavior","         */","            options = { modulePathList: module.paths };","            local.buildApidoc(options, onError);","        };","","        local.testCase_buildApp_default = local.testCase_buildApp_default || function (","            options,","            onError","        ) {","        /*","         * this function will test buildApp's default handling-behavior-behavior","         */","            local.testCase_buildReadme_default(options, local.onErrorThrow);","            local.testCase_buildLib_default(options, local.onErrorThrow);","            local.testCase_buildTest_default(options, local.onErrorThrow);","            local.testCase_buildCustomOrg_default(options, local.onErrorThrow);","            options = [];","            local.buildApp(options, onError);","        };","","        local.testCase_buildCustomOrg_default = local.testCase_buildCustomOrg_default ||","            function (options, onError) {","            /*","             * this function will test buildCustomOrg's default handling-behavior","             */","                options = {};","                local.buildCustomOrg(options, onError);","            };","","        local.testCase_buildLib_default = local.testCase_buildLib_default || function (","            options,","            onError","        ) {","        /*","         * this function will test buildLib's default handling-behavior","         */","            options = {};","            local.buildLib(options, onError);","        };","","        local.testCase_buildReadme_default = local.testCase_buildReadme_default || function (","            options,","            onError","        ) {","        /*","         * this function will test buildReadme's default handling-behavior-behavior","         */","            options = {};","            local.buildReadme(options, onError);","        };","","        local.testCase_buildTest_default = local.testCase_buildTest_default || function (","            options,","            onError","        ) {","        /*","         * this function will test buildTest's default handling-behavior","         */","            options = {};","            local.buildTest(options, onError);","        };","","        local.testCase_webpage_default = local.testCase_webpage_default || function (","            options,","            onError","        ) {","        /*","         * this function will test webpage's default handling-behavior","         */","            options = { modeCoverageMerge: true, url: local.serverLocalHost + '?modeTest=1' };","            local.browserTest(options, onError);","        };","","        // run test-server","        local.testRunServer(local);","        break;","    }","}());",""],"l":{"12":2,"14":2,"19":2,"21":2,"23":2,"24":2,"25":2,"30":1,"37":2,"40":2,"43":1,"47":1,"50":1,"52":1,"55":2,"61":2,"62":2,"64":2,"70":1,"76":1,"82":2,"83":2,"85":2,"91":1,"98":1,"102":1,"105":1,"112":1,"119":1,"120":1,"123":1,"130":1,"131":1,"132":1,"133":1,"134":1,"135":1,"138":1,"143":2,"144":2,"147":1,"154":2,"155":2,"158":1,"165":2,"166":2,"169":1,"176":2,"177":2,"180":1,"187":1,"188":1,"192":1,"193":1}},"/home/travis/build/npmtest/node-npmtest-angular2-cli/lib.npmtest_angular2_cli.js":{"path":"/home/travis/build/npmtest/node-npmtest-angular2-cli/lib.npmtest_angular2_cli.js","s":{"1":2,"2":2,"3":2,"4":2,"5":2,"6":2,"7":2,"8":1,"9":2,"10":2,"11":2,"12":2,"13":1,"14":1,"15":1,"16":1},"b":{"1":[2,1,1,1],"2":[1,1,1,1],"3":[1,1],"4":[2,2],"5":[1,1]},"f":{"1":2,"2":2,"3":2},"fnMap":{"1":{"name":"(anonymous_1)","line":12,"loc":{"start":{"line":12,"column":1},"end":{"line":12,"column":13}}},"2":{"name":"(anonymous_2)","line":19,"loc":{"start":{"line":19,"column":5},"end":{"line":19,"column":17}}},"3":{"name":"(anonymous_3)","line":23,"loc":{"start":{"line":23,"column":24},"end":{"line":23,"column":36}}}},"statementMap":{"1":{"start":{"line":12,"column":0},"end":{"line":53,"column":5}},"2":{"start":{"line":14,"column":4},"end":{"line":14,"column":14}},"3":{"start":{"line":19,"column":4},"end":{"line":52,"column":9}},"4":{"start":{"line":21,"column":8},"end":{"line":21,"column":19}},"5":{"start":{"line":23,"column":8},"end":{"line":35,"column":13}},"6":{"start":{"line":24,"column":12},"end":{"line":34,"column":13}},"7":{"start":{"line":25,"column":16},"end":{"line":28,"column":30}},"8":{"start":{"line":30,"column":16},"end":{"line":33,"column":27}},"9":{"start":{"line":37,"column":8},"end":{"line":39,"column":21}},"10":{"start":{"line":41,"column":8},"end":{"line":41,"column":54}},"11":{"start":{"line":43,"column":8},"end":{"line":43,"column":57}},"12":{"start":{"line":45,"column":8},"end":{"line":51,"column":9}},"13":{"start":{"line":46,"column":12},"end":{"line":46,"column":63}},"14":{"start":{"line":48,"column":12},"end":{"line":48,"column":35}},"15":{"start":{"line":49,"column":12},"end":{"line":49,"column":49}},"16":{"start":{"line":50,"column":12},"end":{"line":50,"column":43}}},"branchMap":{"1":{"line":25,"type":"binary-expr","locations":[{"start":{"line":25,"column":23},"end":{"line":25,"column":62}},{"start":{"line":26,"column":20},"end":{"line":26,"column":70}},{"start":{"line":27,"column":20},"end":{"line":27,"column":71}},{"start":{"line":28,"column":20},"end":{"line":28,"column":29}}]},"2":{"line":30,"type":"binary-expr","locations":[{"start":{"line":30,"column":23},"end":{"line":30,"column":37}},{"start":{"line":31,"column":20},"end":{"line":31,"column":61}},{"start":{"line":32,"column":20},"end":{"line":32,"column":70}},{"start":{"line":33,"column":20},"end":{"line":33,"column":26}}]},"3":{"line":37,"type":"cond-expr","locations":[{"start":{"line":38,"column":14},"end":{"line":38,"column":20}},{"start":{"line":39,"column":14},"end":{"line":39,"column":20}}]},"4":{"line":41,"type":"binary-expr","locations":[{"start":{"line":41,"column":16},"end":{"line":41,"column":44}},{"start":{"line":41,"column":48},"end":{"line":41,"column":53}}]},"5":{"line":45,"type":"if","locations":[{"start":{"line":45,"column":8},"end":{"line":45,"column":8}},{"start":{"line":45,"column":8},"end":{"line":45,"column":8}}]}},"code":["/* istanbul instrument in package npmtest_angular2_cli */","/*jslint","    bitwise: true,","    browser: true,","    maxerr: 8,","    maxlen: 96,","    node: true,","    nomen: true,","    regexp: true,","    stupid: true","*/","(function () {","    'use strict';","    var local;","","","","    // run shared js-env code - pre-init","    (function () {","        // init local","        local = {};","        // init modeJs","        local.modeJs = (function () {","            try {","                return typeof navigator.userAgent === 'string' &&","                    typeof document.querySelector('body') === 'object' &&","                    typeof XMLHttpRequest.prototype.open === 'function' &&","                    'browser';","            } catch (errorCaughtBrowser) {","                return module.exports &&","                    typeof process.versions.node === 'string' &&","                    typeof require('http').createServer === 'function' &&","                    'node';","            }","        }());","        // init global","        local.global = local.modeJs === 'browser'","            ? window","            : global;","        // init utility2_rollup","        local = local.global.utility2_rollup || local;","        // init lib","        local.local = local.npmtest_angular2_cli = local;","        // init exports","        if (local.modeJs === 'browser') {","            local.global.utility2_npmtest_angular2_cli = local;","        } else {","            module.exports = local;","            module.exports.__dirname = __dirname;","            module.exports.module = module;","        }","    }());","}());",""],"l":{"12":2,"14":2,"19":2,"21":2,"23":2,"24":2,"25":2,"30":1,"37":2,"41":2,"43":2,"45":2,"46":1,"48":1,"49":1,"50":1}},"/home/travis/build/npmtest/node-npmtest-angular2-cli/example.js":{"path":"/home/travis/build/npmtest/node-npmtest-angular2-cli/example.js","s":{"1":2,"2":2,"3":2,"4":2,"5":2,"6":2,"7":2,"8":1,"9":2,"10":2,"11":2,"12":2,"13":1,"14":2,"15":2,"16":2,"17":2,"18":2,"19":0,"20":2,"21":1,"22":1,"23":1,"24":1,"25":1,"26":0,"27":0,"28":1,"29":1,"30":2,"31":0,"32":0,"33":0,"34":1,"35":2,"36":2,"37":3,"38":3,"39":3,"40":3,"41":0,"42":3,"43":3,"44":3,"45":1,"46":3,"47":1,"48":1,"49":1,"50":1,"51":1,"52":1,"53":1,"54":1,"55":1,"56":1,"57":0,"58":1,"59":6,"60":6,"61":1,"62":2,"63":0,"64":2,"65":1,"66":1,"67":0,"68":0,"69":0,"70":0,"71":0,"72":0,"73":0,"74":0,"75":0,"76":0,"77":0,"78":0,"79":0,"80":0,"81":0,"82":0,"83":0},"b":{"1":[2,1,1,1],"2":[1,1,1,1],"3":[1,1],"4":[2,2],"5":[1,1],"6":[1,1],"7":[2,0],"8":[2,1,1,1,1,1],"9":[0,2,0],"10":[1,1],"11":[2,1,1],"12":[1,0],"13":[0,2],"14":[2,0,0,0,0,0,0],"15":[0,3],"16":[3,0],"17":[1,1],"18":[0,1],"19":[1,2,0,2],"20":[1,0],"21":[1,1],"22":[0,0],"23":[0,0],"24":[0,0],"25":[0,0],"26":[0,0],"27":[0,0],"28":[0,0]},"f":{"1":2,"2":2,"3":2,"4":2,"5":2,"6":2,"7":3,"8":3,"9":3,"10":1,"11":6,"12":0},"fnMap":{"1":{"name":"(anonymous_1)","line":26,"loc":{"start":{"line":26,"column":1},"end":{"line":26,"column":13}}},"2":{"name":"(anonymous_2)","line":33,"loc":{"start":{"line":33,"column":5},"end":{"line":33,"column":17}}},"3":{"name":"(anonymous_3)","line":37,"loc":{"start":{"line":37,"column":24},"end":{"line":37,"column":36}}},"4":{"name":"(anonymous_4)","line":69,"loc":{"start":{"line":69,"column":31},"end":{"line":69,"column":48}},"skip":true},"5":{"name":"(anonymous_5)","line":78,"loc":{"start":{"line":78,"column":26},"end":{"line":78,"column":45}},"skip":true},"6":{"name":"(anonymous_6)","line":123,"loc":{"start":{"line":123,"column":33},"end":{"line":123,"column":48}},"skip":true},"7":{"name":"(anonymous_7)","line":125,"loc":{"start":{"line":125,"column":27},"end":{"line":125,"column":39}},"skip":true},"8":{"name":"(anonymous_8)","line":133,"loc":{"start":{"line":133,"column":59},"end":{"line":133,"column":74}},"skip":true},"9":{"name":"(anonymous_9)","line":143,"loc":{"start":{"line":143,"column":45},"end":{"line":143,"column":62}},"skip":true},"10":{"name":"(anonymous_10)","line":144,"loc":{"start":{"line":144,"column":73},"end":{"line":144,"column":92}},"skip":true},"11":{"name":"(anonymous_11)","line":272,"loc":{"start":{"line":272,"column":51},"end":{"line":272,"column":77}},"skip":true},"12":{"name":"(anonymous_12)","line":315,"loc":{"start":{"line":315,"column":32},"end":{"line":315,"column":61}},"skip":true}},"statementMap":{"1":{"start":{"line":26,"column":0},"end":{"line":326,"column":5}},"2":{"start":{"line":28,"column":4},"end":{"line":28,"column":14}},"3":{"start":{"line":33,"column":4},"end":{"line":60,"column":9}},"4":{"start":{"line":35,"column":8},"end":{"line":35,"column":19}},"5":{"start":{"line":37,"column":8},"end":{"line":49,"column":13}},"6":{"start":{"line":38,"column":12},"end":{"line":48,"column":13}},"7":{"start":{"line":39,"column":16},"end":{"line":42,"column":30}},"8":{"start":{"line":44,"column":16},"end":{"line":47,"column":27}},"9":{"start":{"line":51,"column":8},"end":{"line":53,"column":21}},"10":{"start":{"line":55,"column":8},"end":{"line":57,"column":45}},"11":{"start":{"line":59,"column":8},"end":{"line":59,"column":35}},"12":{"start":{"line":61,"column":4},"end":{"line":325,"column":5}},"13":{"start":{"line":69,"column":8},"end":{"line":121,"column":10},"skip":true},"14":{"start":{"line":70,"column":12},"end":{"line":88,"column":13},"skip":true},"15":{"start":{"line":76,"column":16},"end":{"line":87,"column":19},"skip":true},"16":{"start":{"line":79,"column":20},"end":{"line":86,"column":21},"skip":true},"17":{"start":{"line":82,"column":24},"end":{"line":82,"column":43},"skip":true},"18":{"start":{"line":83,"column":24},"end":{"line":83,"column":30},"skip":true},"19":{"start":{"line":85,"column":24},"end":{"line":85,"column":49},"skip":true},"20":{"start":{"line":89,"column":12},"end":{"line":107,"column":13},"skip":true},"21":{"start":{"line":92,"column":16},"end":{"line":102,"column":17},"skip":true},"22":{"start":{"line":93,"column":20},"end":{"line":93,"column":86},"skip":true},"23":{"start":{"line":94,"column":20},"end":{"line":95,"column":45},"skip":true},"24":{"start":{"line":96,"column":20},"end":{"line":96,"column":42},"skip":true},"25":{"start":{"line":97,"column":20},"end":{"line":97,"column":48},"skip":true},"26":{"start":{"line":100,"column":20},"end":{"line":100,"column":85},"skip":true},"27":{"start":{"line":101,"column":20},"end":{"line":101,"column":96},"skip":true},"28":{"start":{"line":103,"column":16},"end":{"line":103,"column":22},"skip":true},"29":{"start":{"line":106,"column":16},"end":{"line":106,"column":22},"skip":true},"30":{"start":{"line":108,"column":12},"end":{"line":120,"column":13},"skip":true},"31":{"start":{"line":114,"column":16},"end":{"line":119,"column":17},"skip":true},"32":{"start":{"line":116,"column":20},"end":{"line":116,"column":78},"skip":true},"33":{"start":{"line":118,"column":20},"end":{"line":118,"column":47},"skip":true},"34":{"start":{"line":123,"column":8},"end":{"line":141,"column":11},"skip":true},"35":{"start":{"line":124,"column":12},"end":{"line":124,"column":54},"skip":true},"36":{"start":{"line":125,"column":12},"end":{"line":140,"column":14},"skip":true},"37":{"start":{"line":126,"column":16},"end":{"line":126,"column":28},"skip":true},"38":{"start":{"line":127,"column":16},"end":{"line":127,"column":69},"skip":true},"39":{"start":{"line":128,"column":16},"end":{"line":128,"column":75},"skip":true},"40":{"start":{"line":129,"column":16},"end":{"line":131,"column":17},"skip":true},"41":{"start":{"line":130,"column":20},"end":{"line":130,"column":27},"skip":true},"42":{"start":{"line":133,"column":16},"end":{"line":137,"column":36},"skip":true},"43":{"start":{"line":134,"column":20},"end":{"line":136,"column":55},"skip":true},"44":{"start":{"line":139,"column":16},"end":{"line":139,"column":57},"skip":true},"45":{"start":{"line":143,"column":8},"end":{"line":147,"column":11},"skip":true},"46":{"start":{"line":144,"column":12},"end":{"line":146,"column":15},"skip":true},"47":{"start":{"line":145,"column":16},"end":{"line":145,"column":70},"skip":true},"48":{"start":{"line":149,"column":8},"end":{"line":149,"column":31},"skip":true},"49":{"start":{"line":150,"column":8},"end":{"line":150,"column":14},"skip":true},"50":{"start":{"line":158,"column":8},"end":{"line":158,"column":31},"skip":true},"51":{"start":{"line":160,"column":8},"end":{"line":160,"column":33},"skip":true},"52":{"start":{"line":161,"column":8},"end":{"line":161,"column":37},"skip":true},"53":{"start":{"line":162,"column":8},"end":{"line":162,"column":35},"skip":true},"54":{"start":{"line":164,"column":8},"end":{"line":164,"column":50},"skip":true},"55":{"start":{"line":166,"column":8},"end":{"line":256,"column":2},"skip":true},"56":{"start":{"line":258,"column":8},"end":{"line":286,"column":9},"skip":true},"57":{"start":{"line":259,"column":12},"end":{"line":269,"column":14},"skip":true},"58":{"start":{"line":271,"column":12},"end":{"line":285,"column":19},"skip":true},"59":{"start":{"line":274,"column":20},"end":{"line":274,"column":35},"skip":true},"60":{"start":{"line":275,"column":20},"end":{"line":284,"column":21},"skip":true},"61":{"start":{"line":277,"column":24},"end":{"line":277,"column":64},"skip":true},"62":{"start":{"line":279,"column":24},"end":{"line":279,"column":40},"skip":true},"63":{"start":{"line":281,"column":24},"end":{"line":281,"column":40},"skip":true},"64":{"start":{"line":283,"column":24},"end":{"line":283,"column":39},"skip":true},"65":{"start":{"line":288,"column":8},"end":{"line":290,"column":9},"skip":true},"66":{"start":{"line":289,"column":12},"end":{"line":289,"column":18},"skip":true},"67":{"start":{"line":291,"column":8},"end":{"line":293,"column":54},"skip":true},"68":{"start":{"line":296,"column":8},"end":{"line":301,"column":37},"skip":true},"69":{"start":{"line":303,"column":8},"end":{"line":303,"column":82},"skip":true},"70":{"start":{"line":306,"column":8},"end":{"line":308,"column":9},"skip":true},"71":{"start":{"line":307,"column":12},"end":{"line":307,"column":82},"skip":true},"72":{"start":{"line":310,"column":8},"end":{"line":312,"column":9},"skip":true},"73":{"start":{"line":311,"column":12},"end":{"line":311,"column":18},"skip":true},"74":{"start":{"line":313,"column":8},"end":{"line":313,"column":54},"skip":true},"75":{"start":{"line":314,"column":8},"end":{"line":314,"column":69},"skip":true},"76":{"start":{"line":315,"column":8},"end":{"line":323,"column":36},"skip":true},"77":{"start":{"line":316,"column":12},"end":{"line":316,"column":61},"skip":true},"78":{"start":{"line":317,"column":12},"end":{"line":320,"column":13},"skip":true},"79":{"start":{"line":318,"column":16},"end":{"line":318,"column":75},"skip":true},"80":{"start":{"line":319,"column":16},"end":{"line":319,"column":23},"skip":true},"81":{"start":{"line":321,"column":12},"end":{"line":321,"column":38},"skip":true},"82":{"start":{"line":322,"column":12},"end":{"line":322,"column":27},"skip":true},"83":{"start":{"line":324,"column":8},"end":{"line":324,"column":14},"skip":true}},"branchMap":{"1":{"line":39,"type":"binary-expr","locations":[{"start":{"line":39,"column":23},"end":{"line":39,"column":62}},{"start":{"line":40,"column":20},"end":{"line":40,"column":70}},{"start":{"line":41,"column":20},"end":{"line":41,"column":71}},{"start":{"line":42,"column":20},"end":{"line":42,"column":29}}]},"2":{"line":44,"type":"binary-expr","locations":[{"start":{"line":44,"column":23},"end":{"line":44,"column":37}},{"start":{"line":45,"column":20},"end":{"line":45,"column":61}},{"start":{"line":46,"column":20},"end":{"line":46,"column":70}},{"start":{"line":47,"column":20},"end":{"line":47,"column":26}}]},"3":{"line":51,"type":"cond-expr","locations":[{"start":{"line":52,"column":14},"end":{"line":52,"column":20}},{"start":{"line":53,"column":14},"end":{"line":53,"column":20}}]},"4":{"line":55,"type":"binary-expr","locations":[{"start":{"line":55,"column":16},"end":{"line":55,"column":44}},{"start":{"line":55,"column":49},"end":{"line":57,"column":43}}]},"5":{"line":55,"type":"cond-expr","locations":[{"start":{"line":56,"column":14},"end":{"line":56,"column":56}},{"start":{"line":57,"column":14},"end":{"line":57,"column":43}}]},"6":{"line":61,"type":"switch","locations":[{"start":{"line":68,"column":4},"end":{"line":150,"column":14},"skip":true},{"start":{"line":156,"column":4},"end":{"line":324,"column":14},"skip":true}]},"7":{"line":70,"type":"if","locations":[{"start":{"line":70,"column":12},"end":{"line":70,"column":12},"skip":true},{"start":{"line":70,"column":12},"end":{"line":70,"column":12},"skip":true}]},"8":{"line":70,"type":"binary-expr","locations":[{"start":{"line":70,"column":16},"end":{"line":70,"column":22},"skip":true},{"start":{"line":70,"column":27},"end":{"line":70,"column":32},"skip":true},{"start":{"line":71,"column":20},"end":{"line":71,"column":39},"skip":true},{"start":{"line":72,"column":20},"end":{"line":72,"column":49},"skip":true},{"start":{"line":73,"column":20},"end":{"line":73,"column":58},"skip":true},{"start":{"line":74,"column":20},"end":{"line":74,"column":69},"skip":true}]},"9":{"line":79,"type":"switch","locations":[{"start":{"line":80,"column":20},"end":{"line":80,"column":33},"skip":true},{"start":{"line":81,"column":20},"end":{"line":83,"column":30},"skip":true},{"start":{"line":84,"column":20},"end":{"line":85,"column":49},"skip":true}]},"10":{"line":89,"type":"switch","locations":[{"start":{"line":90,"column":12},"end":{"line":103,"column":22},"skip":true},{"start":{"line":105,"column":12},"end":{"line":106,"column":22},"skip":true}]},"11":{"line":89,"type":"binary-expr","locations":[{"start":{"line":89,"column":20},"end":{"line":89,"column":25},"skip":true},{"start":{"line":89,"column":29},"end":{"line":89,"column":48},"skip":true},{"start":{"line":89,"column":52},"end":{"line":89,"column":74},"skip":true}]},"12":{"line":92,"type":"if","locations":[{"start":{"line":92,"column":16},"end":{"line":92,"column":16},"skip":true},{"start":{"line":92,"column":16},"end":{"line":92,"column":16},"skip":true}]},"13":{"line":108,"type":"if","locations":[{"start":{"line":108,"column":12},"end":{"line":108,"column":12},"skip":true},{"start":{"line":108,"column":12},"end":{"line":108,"column":12},"skip":true}]},"14":{"line":108,"type":"binary-expr","locations":[{"start":{"line":108,"column":16},"end":{"line":108,"column":61},"skip":true},{"start":{"line":108,"column":66},"end":{"line":108,"column":72},"skip":true},{"start":{"line":108,"column":77},"end":{"line":108,"column":82},"skip":true},{"start":{"line":109,"column":20},"end":{"line":109,"column":39},"skip":true},{"start":{"line":110,"column":20},"end":{"line":110,"column":49},"skip":true},{"start":{"line":111,"column":20},"end":{"line":111,"column":58},"skip":true},{"start":{"line":112,"column":20},"end":{"line":112,"column":68},"skip":true}]},"15":{"line":129,"type":"if","locations":[{"start":{"line":129,"column":16},"end":{"line":129,"column":16},"skip":true},{"start":{"line":129,"column":16},"end":{"line":129,"column":16},"skip":true}]},"16":{"line":134,"type":"cond-expr","locations":[{"start":{"line":135,"column":26},"end":{"line":135,"column":29},"skip":true},{"start":{"line":136,"column":26},"end":{"line":136,"column":54},"skip":true}]},"17":{"line":164,"type":"binary-expr","locations":[{"start":{"line":164,"column":27},"end":{"line":164,"column":43},"skip":true},{"start":{"line":164,"column":47},"end":{"line":164,"column":49},"skip":true}]},"18":{"line":258,"type":"if","locations":[{"start":{"line":258,"column":8},"end":{"line":258,"column":8},"skip":true},{"start":{"line":258,"column":8},"end":{"line":258,"column":8},"skip":true}]},"19":{"line":275,"type":"switch","locations":[{"start":{"line":276,"column":20},"end":{"line":277,"column":64},"skip":true},{"start":{"line":278,"column":20},"end":{"line":279,"column":40},"skip":true},{"start":{"line":280,"column":20},"end":{"line":281,"column":40},"skip":true},{"start":{"line":282,"column":20},"end":{"line":283,"column":39},"skip":true}]},"20":{"line":288,"type":"if","locations":[{"start":{"line":288,"column":8},"end":{"line":288,"column":8},"skip":true},{"start":{"line":288,"column":8},"end":{"line":288,"column":8},"skip":true}]},"21":{"line":288,"type":"binary-expr","locations":[{"start":{"line":288,"column":12},"end":{"line":288,"column":40},"skip":true},{"start":{"line":288,"column":44},"end":{"line":288,"column":67},"skip":true}]},"22":{"line":292,"type":"binary-expr","locations":[{"start":{"line":292,"column":12},"end":{"line":292,"column":50},"skip":true},{"start":{"line":293,"column":12},"end":{"line":293,"column":53},"skip":true}]},"23":{"line":297,"type":"binary-expr","locations":[{"start":{"line":297,"column":12},"end":{"line":297,"column":70},"skip":true},{"start":{"line":298,"column":12},"end":{"line":301,"column":36},"skip":true}]},"24":{"line":303,"type":"binary-expr","locations":[{"start":{"line":303,"column":43},"end":{"line":303,"column":75},"skip":true},{"start":{"line":303,"column":79},"end":{"line":303,"column":81},"skip":true}]},"25":{"line":306,"type":"if","locations":[{"start":{"line":306,"column":8},"end":{"line":306,"column":8},"skip":true},{"start":{"line":306,"column":8},"end":{"line":306,"column":8},"skip":true}]},"26":{"line":310,"type":"if","locations":[{"start":{"line":310,"column":8},"end":{"line":310,"column":8},"skip":true},{"start":{"line":310,"column":8},"end":{"line":310,"column":8},"skip":true}]},"27":{"line":313,"type":"binary-expr","locations":[{"start":{"line":313,"column":27},"end":{"line":313,"column":43},"skip":true},{"start":{"line":313,"column":47},"end":{"line":313,"column":53},"skip":true}]},"28":{"line":317,"type":"if","locations":[{"start":{"line":317,"column":12},"end":{"line":317,"column":12},"skip":true},{"start":{"line":317,"column":12},"end":{"line":317,"column":12},"skip":true}]}},"code":["/*","example.js","","quickstart example","","instruction","    1. save this script as example.js","    2. run the shell command:","        $ npm install npmtest-angular2-cli && PORT=8081 node example.js","    3. play with the browser-demo on http://127.0.0.1:8081","*/","","","","/* istanbul instrument in package npmtest_angular2_cli */","/*jslint","    bitwise: true,","    browser: true,","    maxerr: 8,","    maxlen: 96,","    node: true,","    nomen: true,","    regexp: true,","    stupid: true","*/","(function () {","    'use strict';","    var local;","","","","    // run shared js-env code - pre-init","    (function () {","        // init local","        local = {};","        // init modeJs","        local.modeJs = (function () {","            try {","                return typeof navigator.userAgent === 'string' &&","                    typeof document.querySelector('body') === 'object' &&","                    typeof XMLHttpRequest.prototype.open === 'function' &&","                    'browser';","            } catch (errorCaughtBrowser) {","                return module.exports &&","                    typeof process.versions.node === 'string' &&","                    typeof require('http').createServer === 'function' &&","                    'node';","            }","        }());","        // init global","        local.global = local.modeJs === 'browser'","            ? window","            : global;","        // init utility2_rollup","        local = local.global.utility2_rollup || (local.modeJs === 'browser'","            ? local.global.utility2_npmtest_angular2_cli","            : global.utility2_moduleExports);","        // export local","        local.global.local = local;","    }());","    switch (local.modeJs) {","","","","    // post-init","    // run browser js-env code - post-init","    /* istanbul ignore next */","    case 'browser':","        local.testRunBrowser = function (event) {","            if (!event || (event &&","                    event.currentTarget &&","                    event.currentTarget.className &&","                    event.currentTarget.className.includes &&","                    event.currentTarget.className.includes('onreset'))) {","                // reset output","                Array.from(","                    document.querySelectorAll('body > .resettable')","                ).forEach(function (element) {","                    switch (element.tagName) {","                    case 'INPUT':","                    case 'TEXTAREA':","                        element.value = '';","                        break;","                    default:","                        element.textContent = '';","                    }","                });","            }","            switch (event && event.currentTarget && event.currentTarget.id) {","            case 'testRunButton1':","                // show tests","                if (document.querySelector('#testReportDiv1').style.display === 'none') {","                    document.querySelector('#testReportDiv1').style.display = 'block';","                    document.querySelector('#testRunButton1').textContent =","                        'hide internal test';","                    local.modeTest = true;","                    local.testRunDefault(local);","                // hide tests","                } else {","                    document.querySelector('#testReportDiv1').style.display = 'none';","                    document.querySelector('#testRunButton1').textContent = 'run internal test';","                }","                break;","            // custom-case","            default:","                break;","            }","            if (document.querySelector('#inputTextareaEval1') && (!event || (event &&","                    event.currentTarget &&","                    event.currentTarget.className &&","                    event.currentTarget.className.includes &&","                    event.currentTarget.className.includes('oneval')))) {","                // try to eval input-code","                try {","                    /*jslint evil: true*/","                    eval(document.querySelector('#inputTextareaEval1').value);","                } catch (errorCaught) {","                    console.error(errorCaught);","                }","            }","        };","        // log stderr and stdout to #outputTextareaStdout1","        ['error', 'log'].forEach(function (key) {","            console[key + '_original'] = console[key];","            console[key] = function () {","                var element;","                console[key + '_original'].apply(console, arguments);","                element = document.querySelector('#outputTextareaStdout1');","                if (!element) {","                    return;","                }","                // append text to #outputTextareaStdout1","                element.value += Array.from(arguments).map(function (arg) {","                    return typeof arg === 'string'","                        ? arg","                        : JSON.stringify(arg, null, 4);","                }).join(' ') + '\\n';","                // scroll textarea to bottom","                element.scrollTop = element.scrollHeight;","            };","        });","        // init event-handling","        ['change', 'click', 'keyup'].forEach(function (event) {","            Array.from(document.querySelectorAll('.on' + event)).forEach(function (element) {","                element.addEventListener(event, local.testRunBrowser);","            });","        });","        // run tests","        local.testRunBrowser();","        break;","","","","    // run node js-env code - post-init","    /* istanbul ignore next */","    case 'node':","        // export local","        module.exports = local;","        // require modules","        local.fs = require('fs');","        local.http = require('http');","        local.url = require('url');","        // init assets","        local.assetsDict = local.assetsDict || {};","        /* jslint-ignore-begin */","        local.assetsDict['/assets.index.template.html'] = '\\","<!doctype html>\\n\\","<html lang=\"en\">\\n\\","<head>\\n\\","<meta charset=\"UTF-8\">\\n\\","<meta name=\"viewport\" content=\"width=device-width, initial-scale=1\">\\n\\","<title>{{env.npm_package_name}} (v{{env.npm_package_version}})</title>\\n\\","<style>\\n\\","/*csslint\\n\\","    box-sizing: false,\\n\\","    universal-selector: false\\n\\","*/\\n\\","* {\\n\\","    box-sizing: border-box;\\n\\","}\\n\\","body {\\n\\","    background: #dde;\\n\\","    font-family: Arial, Helvetica, sans-serif;\\n\\","    margin: 2rem;\\n\\","}\\n\\","body > * {\\n\\","    margin-bottom: 1rem;\\n\\","}\\n\\",".utility2FooterDiv {\\n\\","    margin-top: 20px;\\n\\","    text-align: center;\\n\\","}\\n\\","</style>\\n\\","<style>\\n\\","/*csslint\\n\\","*/\\n\\","textarea {\\n\\","    font-family: monospace;\\n\\","    height: 10rem;\\n\\","    width: 100%;\\n\\","}\\n\\","textarea[readonly] {\\n\\","    background: #ddd;\\n\\","}\\n\\","</style>\\n\\","</head>\\n\\","<body>\\n\\","<!-- utility2-comment\\n\\","<div id=\"ajaxProgressDiv1\" style=\"background: #d00; height: 2px; left: 0; margin: 0; padding: 0; position: fixed; top: 0; transition: background 0.5s, width 1.5s; width: 25%;\"></div>\\n\\","utility2-comment -->\\n\\","<h1>\\n\\","<!-- utility2-comment\\n\\","    <a\\n\\","        {{#if env.npm_package_homepage}}\\n\\","        href=\"{{env.npm_package_homepage}}\"\\n\\","        {{/if env.npm_package_homepage}}\\n\\","        target=\"_blank\"\\n\\","    >\\n\\","utility2-comment -->\\n\\","        {{env.npm_package_name}} (v{{env.npm_package_version}})\\n\\","<!-- utility2-comment\\n\\","    </a>\\n\\","utility2-comment -->\\n\\","</h1>\\n\\","<h3>{{env.npm_package_description}}</h3>\\n\\","<!-- utility2-comment\\n\\","<h4><a download href=\"assets.app.js\">download standalone app</a></h4>\\n\\","<button class=\"onclick onreset\" id=\"testRunButton1\">run internal test</button><br>\\n\\","<div id=\"testReportDiv1\" style=\"display: none;\"></div>\\n\\","utility2-comment -->\\n\\","\\n\\","\\n\\","\\n\\","<label>stderr and stdout</label>\\n\\","<textarea class=\"resettable\" id=\"outputTextareaStdout1\" readonly></textarea>\\n\\","<!-- utility2-comment\\n\\","{{#if isRollup}}\\n\\","<script src=\"assets.app.js\"></script>\\n\\","{{#unless isRollup}}\\n\\","utility2-comment -->\\n\\","<script src=\"assets.utility2.rollup.js\"></script>\\n\\","<script src=\"jsonp.utility2._stateInit?callback=window.utility2._stateInit\"></script>\\n\\","<script src=\"assets.npmtest_angular2_cli.rollup.js\"></script>\\n\\","<script src=\"assets.example.js\"></script>\\n\\","<script src=\"assets.test.js\"></script>\\n\\","<!-- utility2-comment\\n\\","{{/if isRollup}}\\n\\","utility2-comment -->\\n\\","<div class=\"utility2FooterDiv\">\\n\\","    [ this app was created with\\n\\","    <a href=\"https://github.com/kaizhu256/node-utility2\" target=\"_blank\">utility2</a>\\n\\","    ]\\n\\","</div>\\n\\","</body>\\n\\","</html>\\n\\","';","        /* jslint-ignore-end */","        if (local.templateRender) {","            local.assetsDict['/'] = local.templateRender(","                local.assetsDict['/assets.index.template.html'],","                {","                    env: local.objectSetDefault(local.env, {","                        npm_package_description: 'the greatest app in the world!',","                        npm_package_name: 'my-app',","                        npm_package_nameAlias: 'my_app',","                        npm_package_version: '0.0.1'","                    })","                }","            );","        } else {","            local.assetsDict['/'] = local.assetsDict['/assets.index.template.html']","                .replace((/\\{\\{env\\.(\\w+?)\\}\\}/g), function (match0, match1) {","                    // jslint-hack","                    String(match0);","                    switch (match1) {","                    case 'npm_package_description':","                        return 'the greatest app in the world!';","                    case 'npm_package_name':","                        return 'my-app';","                    case 'npm_package_nameAlias':","                        return 'my_app';","                    case 'npm_package_version':","                        return '0.0.1';","                    }","                });","        }","        // run the cli","        if (local.global.utility2_rollup || module !== require.main) {","            break;","        }","        local.assetsDict['/assets.example.js'] =","            local.assetsDict['/assets.example.js'] ||","            local.fs.readFileSync(__filename, 'utf8');","        // bug-workaround - long $npm_package_buildCustomOrg","        /* jslint-ignore-begin */","        local.assetsDict['/assets.npmtest_angular2_cli.rollup.js'] =","            local.assetsDict['/assets.npmtest_angular2_cli.rollup.js'] ||","            local.fs.readFileSync(","                local.npmtest_angular2_cli.__dirname + '/lib.npmtest_angular2_cli.js',","                'utf8'","            ).replace((/^#!/), '//');","        /* jslint-ignore-end */","        local.assetsDict['/favicon.ico'] = local.assetsDict['/favicon.ico'] || '';","        // if $npm_config_timeout_exit exists,","        // then exit this process after $npm_config_timeout_exit ms","        if (Number(process.env.npm_config_timeout_exit)) {","            setTimeout(process.exit, Number(process.env.npm_config_timeout_exit));","        }","        // start server","        if (local.global.utility2_serverHttp1) {","            break;","        }","        process.env.PORT = process.env.PORT || '8081';","        console.error('server starting on port ' + process.env.PORT);","        local.http.createServer(function (request, response) {","            request.urlParsed = local.url.parse(request.url);","            if (local.assetsDict[request.urlParsed.pathname] !== undefined) {","                response.end(local.assetsDict[request.urlParsed.pathname]);","                return;","            }","            response.statusCode = 404;","            response.end();","        }).listen(process.env.PORT);","        break;","    }","}());",""],"l":{"26":2,"28":2,"33":2,"35":2,"37":2,"38":2,"39":2,"44":1,"51":2,"55":2,"59":2,"61":2,"69":1,"70":2,"76":2,"79":2,"82":2,"83":2,"85":1,"89":2,"92":1,"93":1,"94":1,"96":1,"97":1,"100":1,"101":1,"103":1,"106":1,"108":2,"114":1,"116":1,"118":1,"123":1,"124":2,"125":2,"126":3,"127":3,"128":3,"129":3,"130":1,"133":3,"134":3,"139":3,"143":1,"144":3,"145":1,"149":1,"150":1,"158":1,"160":1,"161":1,"162":1,"164":1,"166":1,"258":1,"259":1,"271":1,"274":6,"275":6,"277":1,"279":2,"281":1,"283":2,"288":1,"289":1,"291":1,"296":1,"303":1,"306":1,"307":1,"310":1,"311":1,"313":1,"314":1,"315":1,"316":1,"317":1,"318":1,"319":1,"321":1,"322":1,"324":1}},"/home/travis/build/npmtest/node-npmtest-angular2-cli/node_modules/angular2-cli/lib/cli/index.js":{"path":"/home/travis/build/npmtest/node-npmtest-angular2-cli/node_modules/angular2-cli/lib/cli/index.js","s":{"1":2,"2":2,"3":2,"4":0,"5":0,"6":0,"7":0,"8":0,"9":0,"10":0,"11":0,"12":0,"13":0,"14":0,"15":0,"16":0,"17":0,"18":0,"19":0,"20":0,"21":0,"22":0,"23":0,"24":0,"25":0,"26":0,"27":0,"28":0,"29":0,"30":0,"31":0,"32":0},"b":{"1":[0,0]},"f":{},"fnMap":{},"statementMap":{"1":{"start":{"line":3,"column":0},"end":{"line":3,"column":37}},"2":{"start":{"line":4,"column":0},"end":{"line":4,"column":46}},"3":{"start":{"line":5,"column":0},"end":{"line":5,"column":65}},"4":{"start":{"line":6,"column":0},"end":{"line":6,"column":34}},"5":{"start":{"line":8,"column":0},"end":{"line":8,"column":17}},"6":{"start":{"line":9,"column":0},"end":{"line":10,"column":32}},"7":{"start":{"line":12,"column":0},"end":{"line":21,"column":5}},"8":{"start":{"line":17,"column":4},"end":{"line":20,"column":7}},"9":{"start":{"line":23,"column":0},"end":{"line":27,"column":5}},"10":{"start":{"line":26,"column":4},"end":{"line":26,"column":15}},"11":{"start":{"line":29,"column":0},"end":{"line":35,"column":5}},"12":{"start":{"line":34,"column":4},"end":{"line":34,"column":23}},"13":{"start":{"line":37,"column":0},"end":{"line":43,"column":5}},"14":{"start":{"line":42,"column":4},"end":{"line":42,"column":23}},"15":{"start":{"line":45,"column":0},"end":{"line":49,"column":5}},"16":{"start":{"line":48,"column":4},"end":{"line":48,"column":15}},"17":{"start":{"line":51,"column":0},"end":{"line":63,"column":5}},"18":{"start":{"line":54,"column":4},"end":{"line":54,"column":34}},"19":{"start":{"line":55,"column":4},"end":{"line":55,"column":55}},"20":{"start":{"line":56,"column":4},"end":{"line":56,"column":55}},"21":{"start":{"line":57,"column":4},"end":{"line":57,"column":50}},"22":{"start":{"line":58,"column":4},"end":{"line":58,"column":53}},"23":{"start":{"line":59,"column":4},"end":{"line":59,"column":48}},"24":{"start":{"line":62,"column":4},"end":{"line":62,"column":37}},"25":{"start":{"line":65,"column":0},"end":{"line":72,"column":5}},"26":{"start":{"line":67,"column":4},"end":{"line":70,"column":8}},"27":{"start":{"line":71,"column":4},"end":{"line":71,"column":20}},"28":{"start":{"line":74,"column":0},"end":{"line":74,"column":24}},"29":{"start":{"line":75,"column":0},"end":{"line":75,"column":33}},"30":{"start":{"line":77,"column":0},"end":{"line":80,"column":1}},"31":{"start":{"line":78,"column":2},"end":{"line":78,"column":54}},"32":{"start":{"line":79,"column":2},"end":{"line":79,"column":18}}},"branchMap":{"1":{"line":77,"type":"if","locations":[{"start":{"line":77,"column":0},"end":{"line":77,"column":0}},{"start":{"line":77,"column":0},"end":{"line":77,"column":0}}]}},"code":["/* eslint-disable no-console */","","const cli     = require('commander');","const pkg     = require('../../package.json');","const ng2     = require('export-files')(`${__dirname}/commands`);","const colors  = require('colors');","","cli.name = 'ng2';","cli.version(pkg.version)","  .usage('<command> [options]');","","cli.command('create <app-name>')","  .description('Create angular app')","  .option('-c, --css-processor    <sass/less>', 'CSS pre-processor [default: sass]', 'sass')","  .option('    --surge', 'Create surge.sh deployable app')","  .action((appName, options) => {","    ng2.create(appName, {","      cssProcessor : options.cssProcessor,","      surge        : options.surge,","    });","  });","","cli.command('init')","  .description('Initialize and install dependancies')","  .action(() => {","    ng2.init();","  });","","cli.command('build')","  .description('Build the app')","  .option('    --dev', 'Development mode [default]')","  .option('    --prod', 'Production mode')","  .action((options) => {","    ng2.build(options);","  });","","cli.command('serve')","  .description('Build and run the app')","  .option('    --dev', 'Development mode [default]', 'true')","  .option('    --prod', 'Production mode', 'true')","  .action((options) => {","    ng2.serve(options);","  });","","cli.command('test')","  .description('Run unit tests')","  .action(() => {","    ng2.test();","  });","","cli.command('make <scaffold> <scaffold-name>')","  .description('Generate scaffolds')","  .on('--help', () => {","    console.log('  Scaffolds:\\n');","    console.log('    component <path/component-name>');","    console.log('    directive <path/directive-name>');","    console.log('    pipe      <path/pipe-name>');","    console.log('    service   <path/service-name>');","    console.log('    route     <route-name>\\n');","  })","  .action((scaffold, scaffoldName) => {","    ng2.make(scaffold, scaffoldName);","  });","","cli.arguments('<cmd>')","  .action((cmd) => {","    console.log(","        `\\n ${colors.red(`[ERROR] - Invalid command: ${cmd}`)}","        \\n Run \"ng2 --help\" for a list of available commands.\\n`","      );","    process.exit(0);","  });","","cli.parse(process.argv);","Error.stackTraceLimit = Infinity;","","if (!cli.args.length) {","  cli.parse([process.argv[0], process.argv[1], '-h']);","  process.exit(0);","}",""],"l":{"3":2,"4":2,"5":2,"6":0,"8":0,"9":0,"12":0,"17":0,"23":0,"26":0,"29":0,"34":0,"37":0,"42":0,"45":0,"48":0,"51":0,"54":0,"55":0,"56":0,"57":0,"58":0,"59":0,"62":0,"65":0,"67":0,"71":0,"74":0,"75":0,"77":0,"78":0,"79":0}},"/home/travis/build/npmtest/node-npmtest-angular2-cli/node_modules/angular2-cli/lib/cli/commands/build.js":{"path":"/home/travis/build/npmtest/node-npmtest-angular2-cli/node_modules/angular2-cli/lib/cli/commands/build.js","s":{"1":2,"2":2,"3":2,"4":0,"5":0,"6":0,"7":0,"8":0,"9":0},"b":{"1":[0,0]},"f":{"1":0},"fnMap":{"1":{"name":"(anonymous_1)","line":8,"loc":{"start":{"line":8,"column":5},"end":{"line":8,"column":15}}}},"statementMap":{"1":{"start":{"line":3,"column":0},"end":{"line":3,"column":37}},"2":{"start":{"line":4,"column":0},"end":{"line":4,"column":50}},"3":{"start":{"line":5,"column":0},"end":{"line":5,"column":45}},"4":{"start":{"line":9,"column":4},"end":{"line":12,"column":9}},"5":{"start":{"line":11,"column":8},"end":{"line":11,"column":50}},"6":{"start":{"line":16,"column":0},"end":{"line":20,"column":2}},"7":{"start":{"line":17,"column":2},"end":{"line":17,"column":44}},"8":{"start":{"line":18,"column":2},"end":{"line":18,"column":29}},"9":{"start":{"line":19,"column":2},"end":{"line":19,"column":19}}},"branchMap":{"1":{"line":17,"type":"cond-expr","locations":[{"start":{"line":17,"column":29},"end":{"line":17,"column":35}},{"start":{"line":17,"column":38},"end":{"line":17,"column":43}}]}},"code":["'use strict';","","const Command = require('./command');","const ui      = require('../../ui/progress-dots');","const Build   = require('../../tasks/build');","","class BuildCmd extends Command {","  run(options) {","    this.validate().","      then(() => {","        Build.new({ ui, env: options.env }).run();","      });","  }","}","","module.exports = (options) => {","  const env = options.prod ? 'prod' : 'dev';","  const cmd = new BuildCmd();","  cmd.run({ env });","};",""],"l":{"3":2,"4":2,"5":2,"9":0,"11":0,"16":0,"17":0,"18":0,"19":0}},"/home/travis/build/npmtest/node-npmtest-angular2-cli/node_modules/angular2-cli/lib/cli/commands/command.js":{"path":"/home/travis/build/npmtest/node-npmtest-angular2-cli/node_modules/angular2-cli/lib/cli/commands/command.js","s":{"1":1,"2":1,"3":1,"4":0,"5":0,"6":0,"7":0,"8":0,"9":0,"10":0,"11":0,"12":0,"13":1},"b":{"1":[0,0]},"f":{"1":0,"2":0,"3":0},"fnMap":{"1":{"name":"(anonymous_1)","line":8,"loc":{"start":{"line":8,"column":13},"end":{"line":8,"column":20}}},"2":{"name":"(anonymous_2)","line":12,"loc":{"start":{"line":12,"column":5},"end":{"line":12,"column":8}}},"3":{"name":"(anonymous_3)","line":16,"loc":{"start":{"line":16,"column":10},"end":{"line":16,"column":13}}}},"statementMap":{"1":{"start":{"line":3,"column":0},"end":{"line":3,"column":29}},"2":{"start":{"line":4,"column":0},"end":{"line":4,"column":39}},"3":{"start":{"line":5,"column":0},"end":{"line":5,"column":47}},"4":{"start":{"line":9,"column":4},"end":{"line":9,"column":30}},"5":{"start":{"line":13,"column":4},"end":{"line":13,"column":56}},"6":{"start":{"line":17,"column":4},"end":{"line":17,"column":37}},"7":{"start":{"line":18,"column":4},"end":{"line":29,"column":7}},"8":{"start":{"line":20,"column":6},"end":{"line":23,"column":7}},"9":{"start":{"line":22,"column":8},"end":{"line":22,"column":32}},"10":{"start":{"line":24,"column":6},"end":{"line":24,"column":35}},"11":{"start":{"line":27,"column":6},"end":{"line":27,"column":94}},"12":{"start":{"line":28,"column":6},"end":{"line":28,"column":30}},"13":{"start":{"line":33,"column":0},"end":{"line":33,"column":25}}},"branchMap":{"1":{"line":20,"type":"if","locations":[{"start":{"line":20,"column":6},"end":{"line":20,"column":6}},{"start":{"line":20,"column":6},"end":{"line":20,"column":6}}]}},"code":["'use strict';","","const path = require('path');","const pkg  = require('../../util/pkg');","const ui   = require('../../ui/progress-dots');","","class Command {","  constructor(args) {","    Object.assign(this, args);","  }","","  run() {","    throw new Error('Cmd needs to have run() defined.');","  }","","  validate() {","    this.appDir = path.resolve('./');","    return pkg.read(this.appDir).","    then((data) => {","      if (!data['angular2-cli']) {","        // || !data.devDependencies['angular2-cli']","        return Promise.reject();","      }","      return Promise.resolve(data);","    }).","    catch(() => {","      ui.writeError('\\nYou have to be inside an angular2-cli project to run this command.\\n');","      return Promise.reject();","    });","  }","}","","module.exports = Command;",""],"l":{"3":1,"4":1,"5":1,"9":0,"13":0,"17":0,"18":0,"20":0,"22":0,"24":0,"27":0,"28":0,"33":1}},"/home/travis/build/npmtest/node-npmtest-angular2-cli/node_modules/angular2-cli/lib/util/pkg.js":{"path":"/home/travis/build/npmtest/node-npmtest-angular2-cli/node_modules/angular2-cli/lib/util/pkg.js","s":{"1":1,"2":1,"3":1,"4":0,"5":0,"6":0,"7":0,"8":0,"9":0},"b":{},"f":{},"fnMap":{},"statementMap":{"1":{"start":{"line":3,"column":0},"end":{"line":3,"column":36}},"2":{"start":{"line":4,"column":0},"end":{"line":4,"column":36}},"3":{"start":{"line":6,"column":0},"end":{"line":19,"column":2}},"4":{"start":{"line":8,"column":4},"end":{"line":8,"column":39}},"5":{"start":{"line":9,"column":4},"end":{"line":9,"column":48}},"6":{"start":{"line":11,"column":4},"end":{"line":11,"column":21}},"7":{"start":{"line":14,"column":4},"end":{"line":14,"column":39}},"8":{"start":{"line":15,"column":4},"end":{"line":15,"column":50}},"9":{"start":{"line":17,"column":4},"end":{"line":17,"column":43}}},"branchMap":{},"code":["'use strict';","","const fs      = require('fs-extra');","const Promise = require('bluebird');","","module.exports = {","  read : (path) => {","    const pkg = `${path}/package.json`;","    const read = Promise.promisify(fs.readJson);","","    return read(pkg);","  },","  write : (path, data) => {","    const pkg = `${path}/package.json`;","    const write = Promise.promisify(fs.writeJson);","","    return write(pkg, data, { spaces: 2 });","  },","};",""],"l":{"3":1,"4":1,"6":1,"8":0,"9":0,"11":0,"14":0,"15":0,"17":0}},"/home/travis/build/npmtest/node-npmtest-angular2-cli/node_modules/angular2-cli/lib/ui/progress-dots.js":{"path":"/home/travis/build/npmtest/node-npmtest-angular2-cli/node_modules/angular2-cli/lib/ui/progress-dots.js","s":{"1":1,"2":0,"3":1},"b":{},"f":{"1":0},"fnMap":{"1":{"name":"(anonymous_1)","line":6,"loc":{"start":{"line":6,"column":15},"end":{"line":6,"column":25}}}},"statementMap":{"1":{"start":{"line":3,"column":0},"end":{"line":3,"column":32}},"2":{"start":{"line":7,"column":4},"end":{"line":10,"column":7}},"3":{"start":{"line":14,"column":0},"end":{"line":14,"column":36}}},"branchMap":{},"code":["'use strict';","","const Ui = require('./base-ui');","","class ProgressDots extends Ui {","  startProgress(message) {","    super.startProgress({","      message,","      spinner : 'simpleDots',","    });","  }","}","","module.exports = new ProgressDots();",""],"l":{"3":1,"7":0,"14":1}},"/home/travis/build/npmtest/node-npmtest-angular2-cli/node_modules/angular2-cli/lib/ui/base-ui.js":{"path":"/home/travis/build/npmtest/node-npmtest-angular2-cli/node_modules/angular2-cli/lib/ui/base-ui.js","s":{"1":1,"2":1,"3":1,"4":2,"5":0,"6":0,"7":0,"8":0,"9":0,"10":0,"11":0,"12":0,"13":0,"14":0,"15":0,"16":0,"17":0,"18":0,"19":0,"20":1},"b":{"1":[0,0],"2":[0,0]},"f":{"1":2,"2":0,"3":0,"4":0,"5":0,"6":0,"7":0,"8":0,"9":0},"fnMap":{"1":{"name":"(anonymous_1)","line":10,"loc":{"start":{"line":10,"column":13},"end":{"line":10,"column":20}}},"2":{"name":"(anonymous_2)","line":20,"loc":{"start":{"line":20,"column":11},"end":{"line":20,"column":21}}},"3":{"name":"(anonymous_3)","line":24,"loc":{"start":{"line":24,"column":14},"end":{"line":24,"column":24}}},"4":{"name":"(anonymous_4)","line":28,"loc":{"start":{"line":28,"column":14},"end":{"line":28,"column":24}}},"5":{"name":"(anonymous_5)","line":32,"loc":{"start":{"line":32,"column":12},"end":{"line":32,"column":22}}},"6":{"name":"(anonymous_6)","line":36,"loc":{"start":{"line":36,"column":15},"end":{"line":36,"column":25}}},"7":{"name":"(anonymous_7)","line":46,"loc":{"start":{"line":46,"column":14},"end":{"line":46,"column":17}}},"8":{"name":"(anonymous_8)","line":52,"loc":{"start":{"line":52,"column":7},"end":{"line":52,"column":10}}},"9":{"name":"(anonymous_9)","line":56,"loc":{"start":{"line":56,"column":17},"end":{"line":56,"column":20}}}},"statementMap":{"1":{"start":{"line":5,"column":0},"end":{"line":5,"column":44}},"2":{"start":{"line":6,"column":0},"end":{"line":6,"column":42}},"3":{"start":{"line":7,"column":0},"end":{"line":7,"column":38}},"4":{"start":{"line":11,"column":4},"end":{"line":17,"column":13}},"5":{"start":{"line":21,"column":4},"end":{"line":21,"column":25}},"6":{"start":{"line":25,"column":4},"end":{"line":25,"column":39}},"7":{"start":{"line":29,"column":4},"end":{"line":29,"column":37}},"8":{"start":{"line":33,"column":4},"end":{"line":33,"column":37}},"9":{"start":{"line":37,"column":4},"end":{"line":37,"column":23}},"10":{"start":{"line":38,"column":4},"end":{"line":38,"column":69}},"11":{"start":{"line":39,"column":4},"end":{"line":39,"column":66}},"12":{"start":{"line":41,"column":4},"end":{"line":43,"column":31}},"13":{"start":{"line":42,"column":6},"end":{"line":42,"column":72}},"14":{"start":{"line":47,"column":4},"end":{"line":47,"column":35}},"15":{"start":{"line":48,"column":4},"end":{"line":48,"column":27}},"16":{"start":{"line":49,"column":4},"end":{"line":49,"column":17}},"17":{"start":{"line":53,"column":4},"end":{"line":53,"column":22}},"18":{"start":{"line":57,"column":4},"end":{"line":57,"column":69}},"19":{"start":{"line":58,"column":4},"end":{"line":58,"column":48}},"20":{"start":{"line":62,"column":0},"end":{"line":62,"column":27}}},"branchMap":{"1":{"line":38,"type":"binary-expr","locations":[{"start":{"line":38,"column":25},"end":{"line":38,"column":46}},{"start":{"line":38,"column":50},"end":{"line":38,"column":68}}]},"2":{"line":39,"type":"binary-expr","locations":[{"start":{"line":39,"column":20},"end":{"line":39,"column":48}},{"start":{"line":39,"column":52},"end":{"line":39,"column":65}}]}},"code":["/* eslint-disable no-console */","","'use strict';","","const cliSpinners = require('cli-spinners');","const logUpdate   = require('log-update');","const colors      = require('colors');","","class BaseClass {","  constructor(args) {","    Object.assign(this, {","      spinner      : cliSpinners.dots,","      spinnerColor : 'black',","      frameIndex   : 0,","      intervalId   : undefined,","      colors,","    }, args);","  }","","  writeInfo(message) {","    console.log(message);","  }","","  writeSuccess(message) {","    console.log(colors.green(message));","  }","","  writeWarning(message) {","    console.log(colors.red(message));","  }","","  writeError(message) {","    console.log(colors.red(message));","  }","","  startProgress(options) {","    const _this = this;","    _this.spinnerColor = options.sprinnerColor || _this.spinnerColor;","    _this.spinner = cliSpinners[options.spinner] || _this.spinner;","","    _this.intervalId = setInterval(() => {","      logUpdate(colors.blue(options.message + _this.getSpinnerFrame()));","    }, _this.spinner.interval);","  }","","  stopProgress() {","    clearInterval(this.intervalId);","    this.intervalId = null;","    this.clear();","  }","","  clear() {","    logUpdate.clear();","  }","","  getSpinnerFrame() {","    this.frameIndex = ++this.frameIndex % this.spinner.frames.length;","    return this.spinner.frames[this.frameIndex];","  }","}","","module.exports = BaseClass;",""],"l":{"5":1,"6":1,"7":1,"11":2,"21":0,"25":0,"29":0,"33":0,"37":0,"38":0,"39":0,"41":0,"42":0,"47":0,"48":0,"49":0,"53":0,"57":0,"58":0,"62":1}},"/home/travis/build/npmtest/node-npmtest-angular2-cli/node_modules/angular2-cli/lib/tasks/build.js":{"path":"/home/travis/build/npmtest/node-npmtest-angular2-cli/node_modules/angular2-cli/lib/tasks/build.js","s":{"1":2,"2":2,"3":2,"4":0,"5":0,"6":0,"7":0,"8":0,"9":0,"10":0,"11":0,"12":0,"13":0,"14":0,"15":0,"16":0,"17":0,"18":0,"19":0,"20":0,"21":0,"22":0,"23":0,"24":0,"25":0,"26":0,"27":0,"28":0,"29":0,"30":0,"31":0,"32":0,"33":0,"34":0,"35":0,"36":0,"37":0,"38":0,"39":0},"b":{},"f":{"1":0,"2":0,"3":0,"4":0,"5":0},"fnMap":{"1":{"name":"(anonymous_1)","line":9,"loc":{"start":{"line":9,"column":13},"end":{"line":9,"column":20}}},"2":{"name":"(anonymous_2)","line":15,"loc":{"start":{"line":15,"column":5},"end":{"line":15,"column":15}}},"3":{"name":"(anonymous_3)","line":24,"loc":{"start":{"line":24,"column":7},"end":{"line":24,"column":10}}},"4":{"name":"(anonymous_4)","line":43,"loc":{"start":{"line":43,"column":6},"end":{"line":43,"column":9}}},"5":{"name":"(anonymous_5)","line":62,"loc":{"start":{"line":62,"column":9},"end":{"line":62,"column":15}}}},"statementMap":{"1":{"start":{"line":3,"column":0},"end":{"line":3,"column":34}},"2":{"start":{"line":4,"column":0},"end":{"line":4,"column":35}},"3":{"start":{"line":5,"column":0},"end":{"line":5,"column":34}},"4":{"start":{"line":6,"column":0},"end":{"line":6,"column":37}},"5":{"start":{"line":10,"column":4},"end":{"line":12,"column":14}},"6":{"start":{"line":16,"column":4},"end":{"line":16,"column":23}},"7":{"start":{"line":17,"column":4},"end":{"line":17,"column":47}},"8":{"start":{"line":19,"column":4},"end":{"line":21,"column":43}},"9":{"start":{"line":20,"column":17},"end":{"line":20,"column":29}},"10":{"start":{"line":21,"column":17},"end":{"line":21,"column":41}},"11":{"start":{"line":25,"column":4},"end":{"line":25,"column":23}},"12":{"start":{"line":26,"column":4},"end":{"line":26,"column":30}},"13":{"start":{"line":28,"column":4},"end":{"line":28,"column":39}},"14":{"start":{"line":29,"column":4},"end":{"line":40,"column":9}},"15":{"start":{"line":31,"column":8},"end":{"line":31,"column":32}},"16":{"start":{"line":34,"column":8},"end":{"line":34,"column":51}},"17":{"start":{"line":35,"column":8},"end":{"line":35,"column":33}},"18":{"start":{"line":38,"column":8},"end":{"line":38,"column":74}},"19":{"start":{"line":39,"column":8},"end":{"line":39,"column":32}},"20":{"start":{"line":44,"column":4},"end":{"line":44,"column":23}},"21":{"start":{"line":45,"column":4},"end":{"line":45,"column":28}},"22":{"start":{"line":47,"column":4},"end":{"line":47,"column":71}},"23":{"start":{"line":48,"column":4},"end":{"line":59,"column":9}},"24":{"start":{"line":50,"column":8},"end":{"line":50,"column":32}},"25":{"start":{"line":53,"column":8},"end":{"line":53,"column":74}},"26":{"start":{"line":54,"column":8},"end":{"line":54,"column":33}},"27":{"start":{"line":57,"column":8},"end":{"line":57,"column":82}},"28":{"start":{"line":58,"column":8},"end":{"line":58,"column":32}},"29":{"start":{"line":63,"column":4},"end":{"line":63,"column":23}},"30":{"start":{"line":64,"column":4},"end":{"line":64,"column":34}},"31":{"start":{"line":66,"column":4},"end":{"line":66,"column":39}},"32":{"start":{"line":68,"column":4},"end":{"line":79,"column":9}},"33":{"start":{"line":70,"column":8},"end":{"line":70,"column":32}},"34":{"start":{"line":73,"column":8},"end":{"line":73,"column":51}},"35":{"start":{"line":74,"column":8},"end":{"line":74,"column":33}},"36":{"start":{"line":77,"column":8},"end":{"line":77,"column":45}},"37":{"start":{"line":78,"column":8},"end":{"line":78,"column":33}},"38":{"start":{"line":83,"column":0},"end":{"line":85,"column":2}},"39":{"start":{"line":84,"column":18},"end":{"line":84,"column":33}}},"branchMap":{},"code":["'use strict';","","const Task    = require('./task');","const Clean   = require('./clean');","const Copy    = require('./copy');","const Compile = require('./compile');","","class Build extends Task {","  constructor(args) {","    super(Object.assign({","      env : 'dev',","    }, args));","  }","","  run(options) {","    const _this = this;","    _this.options = Object.assign({}, options);","","    return _this.clean().","      then(() => _this.copy()).","      then(() => _this.compile(_this.env));","  }","","  clean() {","    const _this = this;","    const clean = Clean.new();","","    _this.ui.startProgress('Cleaning');","    return clean.run().","      finally(() => {","        _this.ui.stopProgress();","      }).","      then(() => {","        _this.ui.writeSuccess('Clean successful.');","        return Promise.resolve();","      }).","      catch(() => {","        _this.ui.writeError('Failed to clean directories: [ dist, tmp ]');","        return Promise.reject();","      });","  }","","  copy() {","    const _this = this;","    const copy = Copy.new();","","    _this.ui.startProgress('Copying vendor and third party libraries');","    return copy.run({}).","      finally(() => {","        _this.ui.stopProgress();","      }).","      then(() => {","        _this.ui.writeSuccess('Copied vendor and third party libraries.');","        return Promise.resolve();","      }).","      catch(() => {","        _this.ui.writeError('Error copying vendor and/or third party libraries.');","        return Promise.reject();","      });","  }","","  compile(env) {","    const _this = this;","    const compile = Compile.new();","","    _this.ui.startProgress('Building');","","    return compile.run(env).","      finally(() => {","        _this.ui.stopProgress();","      }).","      then(() => {","        _this.ui.writeSuccess('Build successful.');","        return Promise.resolve();","      }).","      catch((e) => {","        _this.ui.writeError('Build failed.');","        return Promise.reject(e);","      });","  }","}","","module.exports = {","  new : (args) => new Build(args),","};",""],"l":{"3":2,"4":2,"5":2,"6":0,"10":0,"16":0,"17":0,"19":0,"20":0,"21":0,"25":0,"26":0,"28":0,"29":0,"31":0,"34":0,"35":0,"38":0,"39":0,"44":0,"45":0,"47":0,"48":0,"50":0,"53":0,"54":0,"57":0,"58":0,"63":0,"64":0,"66":0,"68":0,"70":0,"73":0,"74":0,"77":0,"78":0,"83":0,"84":0}},"/home/travis/build/npmtest/node-npmtest-angular2-cli/node_modules/angular2-cli/lib/tasks/task.js":{"path":"/home/travis/build/npmtest/node-npmtest-angular2-cli/node_modules/angular2-cli/lib/tasks/task.js","s":{"1":0,"2":0,"3":1},"b":{},"f":{"1":0,"2":0},"fnMap":{"1":{"name":"(anonymous_1)","line":4,"loc":{"start":{"line":4,"column":13},"end":{"line":4,"column":20}}},"2":{"name":"(anonymous_2)","line":8,"loc":{"start":{"line":8,"column":5},"end":{"line":8,"column":8}}}},"statementMap":{"1":{"start":{"line":5,"column":4},"end":{"line":5,"column":30}},"2":{"start":{"line":9,"column":4},"end":{"line":9,"column":57}},"3":{"start":{"line":13,"column":0},"end":{"line":13,"column":22}}},"branchMap":{},"code":["'use strict';","","class Task {","  constructor(args) {","    Object.assign(this, args);","  }","","  run() {","    throw new Error('Task needs to have run() defined.');","  }","}","","module.exports = Task;",""],"l":{"5":0,"9":0,"13":1}},"/home/travis/build/npmtest/node-npmtest-angular2-cli/node_modules/angular2-cli/lib/tasks/clean.js":{"path":"/home/travis/build/npmtest/node-npmtest-angular2-cli/node_modules/angular2-cli/lib/tasks/clean.js","s":{"1":1,"2":1,"3":1,"4":1,"5":1,"6":0,"7":0,"8":0,"9":0,"10":1,"11":0},"b":{},"f":{"1":0,"2":0},"fnMap":{"1":{"name":"(anonymous_1)","line":10,"loc":{"start":{"line":10,"column":13},"end":{"line":10,"column":20}}},"2":{"name":"(anonymous_2)","line":17,"loc":{"start":{"line":17,"column":5},"end":{"line":17,"column":8}}}},"statementMap":{"1":{"start":{"line":3,"column":0},"end":{"line":3,"column":36}},"2":{"start":{"line":4,"column":0},"end":{"line":4,"column":32}},"3":{"start":{"line":5,"column":0},"end":{"line":5,"column":36}},"4":{"start":{"line":6,"column":0},"end":{"line":6,"column":42}},"5":{"start":{"line":7,"column":0},"end":{"line":7,"column":34}},"6":{"start":{"line":11,"column":4},"end":{"line":14,"column":14}},"7":{"start":{"line":18,"column":4},"end":{"line":18,"column":48}},"8":{"start":{"line":19,"column":4},"end":{"line":19,"column":35}},"9":{"start":{"line":21,"column":4},"end":{"line":24,"column":7}},"10":{"start":{"line":28,"column":0},"end":{"line":30,"column":2}},"11":{"start":{"line":29,"column":18},"end":{"line":29,"column":33}}},"branchMap":{},"code":["'use strict';","","const fs      = require('fs-extra');","const path    = require('path');","const Promise = require('bluebird');","const globals = require('../cli/globals');","const Task    = require('./task');","","class Clean extends Task {","  constructor(args) {","    super(Object.assign({","      buildDir : globals.buildDir,","      tempDir  : globals.tempDir,","    }, args));","  }","","  run() {","    const remove = Promise.promisify(fs.remove);","    const dir = path.resolve('./');","","    return Promise.all([","      remove(`${dir}/${this.buildDir}`),","      remove(`${dir}/${this.tempDir}`),","    ]);","  }","}","","module.exports = {","  new : (args) => new Clean(args),","};",""],"l":{"3":1,"4":1,"5":1,"6":1,"7":1,"11":0,"18":0,"19":0,"21":0,"28":1,"29":0}},"/home/travis/build/npmtest/node-npmtest-angular2-cli/node_modules/angular2-cli/lib/cli/globals.js":{"path":"/home/travis/build/npmtest/node-npmtest-angular2-cli/node_modules/angular2-cli/lib/cli/globals.js","s":{"1":1},"b":{},"f":{},"fnMap":{},"statementMap":{"1":{"start":{"line":1,"column":0},"end":{"line":23,"column":2}}},"branchMap":{},"code":["module.exports = {","  sourceDir     : 'src',","  buildDir      : 'dist',","  tempDir       : 'tmp',","  assetsDir     : 'assets',","  thirdpartyDir : 'thirdparty',","  vendorDir     : 'vendor',","","  libraries : {","    angular : [","      'angular2/platform/browser.js',","      'angular2/bundles/angular2.dev.js',","      'angular2/bundles/http.dev.js',","      'angular2/bundles/router.dev.js',","      'angular2/bundles/angular2-polyfills.js',","      'angular2/es6/dev/src/testing/shims_for_IE.js',","      'rxjs/bundles/Rx.js',","      'es6-shim/es6-shim.min.js',","      'systemjs/dist/system.src.js',","      'systemjs/dist/system-polyfills.js',","    ],","  },","};",""],"l":{"1":1}},"/home/travis/build/npmtest/node-npmtest-angular2-cli/node_modules/angular2-cli/lib/tasks/copy.js":{"path":"/home/travis/build/npmtest/node-npmtest-angular2-cli/node_modules/angular2-cli/lib/tasks/copy.js","s":{"1":4,"2":4,"3":4,"4":4,"5":4,"6":4,"7":4,"8":4,"9":0,"10":0,"11":0,"12":0,"13":0,"14":0,"15":0,"16":0,"17":0,"18":0,"19":0,"20":0,"21":0,"22":0,"23":0,"24":0,"25":0,"26":0,"27":0,"28":0,"29":0,"30":0,"31":0,"32":0,"33":0,"34":0,"35":0,"36":0,"37":0,"38":0,"39":0,"40":0},"b":{"1":[0,0],"2":[0,0]},"f":{"1":0,"2":0,"3":0,"4":0,"5":0,"6":0,"7":0},"fnMap":{"1":{"name":"(anonymous_1)","line":13,"loc":{"start":{"line":13,"column":13},"end":{"line":13,"column":20}}},"2":{"name":"(anonymous_2)","line":19,"loc":{"start":{"line":19,"column":5},"end":{"line":19,"column":8}}},"3":{"name":"(anonymous_3)","line":27,"loc":{"start":{"line":27,"column":13},"end":{"line":27,"column":16}}},"4":{"name":"(anonymous_4)","line":42,"loc":{"start":{"line":42,"column":12},"end":{"line":42,"column":15}}},"5":{"name":"(anonymous_5)","line":51,"loc":{"start":{"line":51,"column":10},"end":{"line":51,"column":13}}},"6":{"name":"(anonymous_6)","line":61,"loc":{"start":{"line":61,"column":16},"end":{"line":61,"column":19}}},"7":{"name":"(anonymous_7)","line":66,"loc":{"start":{"line":66,"column":4},"end":{"line":66,"column":22}}}},"statementMap":{"1":{"start":{"line":3,"column":0},"end":{"line":3,"column":32}},"2":{"start":{"line":4,"column":0},"end":{"line":4,"column":36}},"3":{"start":{"line":5,"column":0},"end":{"line":5,"column":36}},"4":{"start":{"line":6,"column":0},"end":{"line":6,"column":36}},"5":{"start":{"line":7,"column":0},"end":{"line":7,"column":42}},"6":{"start":{"line":8,"column":0},"end":{"line":8,"column":34}},"7":{"start":{"line":9,"column":0},"end":{"line":9,"column":43}},"8":{"start":{"line":10,"column":0},"end":{"line":10,"column":61}},"9":{"start":{"line":14,"column":4},"end":{"line":14,"column":35}},"10":{"start":{"line":15,"column":4},"end":{"line":15,"column":43}},"11":{"start":{"line":16,"column":4},"end":{"line":16,"column":43}},"12":{"start":{"line":20,"column":4},"end":{"line":20,"column":23}},"13":{"start":{"line":21,"column":4},"end":{"line":23,"column":35}},"14":{"start":{"line":22,"column":17},"end":{"line":22,"column":36}},"15":{"start":{"line":23,"column":17},"end":{"line":23,"column":33}},"16":{"start":{"line":28,"column":4},"end":{"line":28,"column":67}},"17":{"start":{"line":29,"column":4},"end":{"line":29,"column":78}},"18":{"start":{"line":29,"column":57},"end":{"line":29,"column":76}},"19":{"start":{"line":30,"column":4},"end":{"line":30,"column":75}},"20":{"start":{"line":30,"column":54},"end":{"line":30,"column":73}},"21":{"start":{"line":33,"c
[...]
data.dependencies['reflect-metadata'] = data.dependencies['reflect-metadata']","                                                  .replace('^', '');","      }","      if (data.dependencies.rxjs) {","        data.dependencies.rxjs = data.dependencies.rxjs.replace('^', '');","      }","","      return pkg.write(_this.dir, data);","    }).","    catch((e) => {","      _this.ui.writeError(e);","    });","  }","","  announceFailure(result) {","    this.ui.writeError(this.failureMessage);","    logger.logErrors(result.stderr);","  }","","  finally() {","    this.ui.stopProgress();","  }","","  errorLog(result) {","    this.errors += result.stderr;","  }","}","","module.exports = {","  new : (args) => new NpmInstall(args),","};",""],"l":{"5":1,"6":1,"7":1,"8":1,"9":1,"13":0,"23":0,"27":0,"28":0,"30":0,"31":0,"33":0,"37":0,"47":0,"49":0,"59":0,"63":0,"67":0,"72":0,"76":0,"77":0,"78":0,"79":0,"81":0,"82":0,"85":0,"86":0,"89":0,"90":0,"93":0,"94":0,"97":0,"100":0,"105":0,"106":0,"110":0,"114":0,"118":1,"119":0}},"/home/travis/build/npmtest/node-npmtest-angular2-cli/node_modules/angular2-cli/lib/util/npm.js":{"path":"/home/travis/build/npmtest/node-npmtest-angular2-cli/node_modules/angular2-cli/lib/util/npm.js","s":{"1":1,"2":1,"3":1,"4":1,"5":0,"6":0,"7":0,"8":0,"9":0,"10":0,"11":0,"12":0,"13":0,"14":0,"15":0,"16":0,"17":0,"18":0},"b":{"1":[0,0],"2":[0,0],"3":[0,0]},"f":{"1":0,"2":0},"fnMap":{"1":{"name":"npm","line":6,"loc":{"start":{"line":6,"column":17},"end":{"line":6,"column":66}}},"2":{"name":"constructCommand","line":7,"loc":{"start":{"line":7,"column":2},"end":{"line":7,"column":55}}}},"statementMap":{"1":{"start":{"line":3,"column":0},"end":{"line":3,"column":31}},"2":{"start":{"line":4,"column":0},"end":{"line":4,"column":51}},"3":{"start":{"line":6,"column":0},"end":{"line":34,"column":2}},"4":{"start":{"line":7,"column":2},"end":{"line":24,"column":3}},"5":{"start":{"line":8,"column":4},"end":{"line":8,"column":21}},"6":{"start":{"line":9,"column":4},"end":{"line":9,"column":32}},"7":{"start":{"line":10,"column":4},"end":{"line":12,"column":7}},"8":{"start":{"line":14,"column":4},"end":{"line":14,"column":32}},"9":{"start":{"line":16,"column":4},"end":{"line":22,"column":7}},"10":{"start":{"line":17,"column":6},"end":{"line":21,"column":7}},"11":{"start":{"line":18,"column":8},"end":{"line":18,"column":36}},"12":{"start":{"line":20,"column":8},"end":{"line":20,"column":27}},"13":{"start":{"line":23,"column":4},"end":{"line":23,"column":15}},"14":{"start":{"line":26,"column":2},"end":{"line":26,"column":55}},"15":{"start":{"line":27,"column":2},"end":{"line":27,"column":27}},"16":{"start":{"line":29,"column":2},"end":{"line":31,"column":3}},"17":{"start":{"line":30,"column":4},"end":{"line":30,"column":39}},"18":{"start":{"line":33,"column":2},"end":{"line":33,"column":34}}},"branchMap":{"1":{"line":17,"type":"if","locations":[{"start":{"line":17,"column":6},"end":{"line":17,"column":6}},{"start":{"line":17,"column":6},"end":{"line":17,"column":6}}]},"2":{"line":29,"type":"if","locations":[{"start":{"line":29,"column":2},"end":{"line":29,"column":2}},{"start":{"line":29,"column":2},"end":{"line":29,"column":2}}]},"3":{"line":29,"type":"binary-expr","locations":[{"start":{"line":29,"column":6},"end":{"line":29,"column":16}},{"start":{"line":29,"column":20},"end":{"line":29,"column":34}}]}},"code":["'use strict';","","const _    = require('lodash');","const exec = require('child-process-promise').exec;","","module.exports = function npm(command, args, options, runOptions) {","  function constructCommand(_command, _args, _options) {","    let cmd = 'npm ';","    const arg = _args.join(' ');","    const cmdOptions = Object.assign({}, _options, {","      // loglevel: 'error',","    });","","    cmd += `${_command} ${arg}`;","","    _.forEach(cmdOptions, (value, key) => {","      if (!value) {","        cmd += ` --${key} ${value}`;","      } else {","        cmd += ` --${key}`;","      }","    });","    return cmd;","  }","","  const cmd = constructCommand(command, args, options);","  const cmdRunOptions = {};","","  if (runOptions && runOptions.dir) {","    cmdRunOptions.cwd = runOptions.dir;","  }","","  return exec(cmd, cmdRunOptions);","};",""],"l":{"3":1,"4":1,"6":1,"7":1,"8":0,"9":0,"10":0,"14":0,"16":0,"17":0,"18":0,"20":0,"23":0,"26":0,"27":0,"29":0,"30":0,"33":0}},"/home/travis/build/npmtest/node-npmtest-angular2-cli/node_modules/angular2-cli/lib/tasks/serve.js":{"path":"/home/travis/build/npmtest/node-npmtest-angular2-cli/node_modules/angular2-cli/lib/tasks/serve.js","s":{"1":2,"2":2,"3":2,"4":2,"5":2,"6":2,"7":0,"8":0,"9":0,"10":0,"11":0,"12":0,"13":0,"14":0,"15":0,"16":0,"17":0,"18":0,"19":0,"20":0,"21":0,"22":0,"23":0,"24":0,"25":0,"26":0,"27":0,"28":0},"b":{"1":[0,0]},"f":{"1":0,"2":0,"3":0,"4":0,"5":0,"6":0,"7":0},"fnMap":{"1":{"name":"(anonymous_1)","line":11,"loc":{"start":{"line":11,"column":13},"end":{"line":11,"column":20}}},"2":{"name":"(anonymous_2)","line":19,"loc":{"start":{"line":19,"column":5},"end":{"line":19,"column":15}}},"3":{"name":"(anonymous_3)","line":30,"loc":{"start":{"line":30,"column":13},"end":{"line":30,"column":16}}},"4":{"name":"(anonymous_4)","line":44,"loc":{"start":{"line":44,"column":14},"end":{"line":44,"column":17}}},"5":{"name":"(anonymous_5)","line":48,"loc":{"start":{"line":48,"column":20},"end":{"line":48,"column":29}}},"6":{"name":"(anonymous_6)","line":53,"loc":{"start":{"line":53,"column":16},"end":{"line":53,"column":25}}},"7":{"name":"(anonymous_7)","line":59,"loc":{"start":{"line":59,"column":15},"end":{"line":59,"column":24}}}},"statementMap":{"1":{"start":{"line":3,"column":0},"end":{"line":3,"column":60}},"2":{"start":{"line":4,"column":0},"end":{"line":4,"column":67}},"3":{"start":{"line":5,"column":0},"end":{"line":5,"column":45}},"4":{"start":{"line":6,"column":0},"end":{"line":6,"column":51}},"5":{"start":{"line":7,"column":0},"end":{"line":7,"column":53}},"6":{"start":{"line":8,"column":0},"end":{"line":8,"column":53}},"7":{"start":{"line":12,"column":4},"end":{"line":16,"column":14}},"8":{"start":{"line":20,"column":4},"end":{"line":20,"column":49}},"9":{"start":{"line":23,"column":4},"end":{"line":23,"column":23}},"10":{"start":{"line":24,"column":4},"end":{"line":24,"column":56}},"11":{"start":{"line":25,"column":4},"end":{"line":25,"column":44}},"12":{"start":{"line":27,"column":4},"end":{"line":27,"column":29}},"13":{"start":{"line":31,"column":4},"end":{"line":41,"column":7}},"14":{"start":{"line":45,"column":4},"end":{"line":45,"column":25}},"15":{"start":{"line":49,"column":4},"end":{"line":49,"column":49}},"16":{"start":{"line":50,"column":4},"end":{"line":50,"column":38}},"17":{"start":{"line":54,"column":4},"end":{"line":54,"column":42}},"18":{"start":{"line":55,"column":4},"end":{"line":55,"column":38}},"19":{"start":{"line":56,"column":4},"end":{"line":56,"column":28}},"20":{"start":{"line":60,"column":4},"end":{"line":60,"column":23}},"21":{"start":{"line":61,"column":4},"end":{"line":67,"column":7}},"22":{"start":{"line":62,"column":6},"end":{"line":66,"column":7}},"23":{"start":{"line":63,"column":8},"end":{"line":63,"column":33}},"24":{"start":{"line":65,"column":8},"end":{"line":65,"column":31}},"25":{"start":{"line":69,"column":4},"end":{"line":71,"column":7}},"26":{"start":{"line":70,"column":6},"end":{"line":70,"column":29}},"27":{"start":{"line":75,"column":0},"end":{"line":77,"column":2}},"28":{"start":{"line":76,"column":18},"end":{"line":76,"column":33}}},"branchMap":{"1":{"line":62,"type":"if","locations":[{"start":{"line":62,"column":6},"end":{"line":62,"column":6}},{"start":{"line":62,"column":6},"end":{"line":62,"column":6}}]}},"code":["'use strict';","","const browserSync        = require('browser-sync').create();","const historyApiFallback = require('connect-history-api-fallback');","const Task               = require('./task');","const logger             = require('../ui/logger');","const globals            = require('../cli/globals');","const Watch              = require('../tasks/watch');","","class Serve extends Task {","  constructor(args) {","    super(Object.assign({","      errorMessage : 'Error launching App.',","      showWarnings : false,","      showFullLog  : false,","    }, args));","  }","","  run(options) {","    this.npmOptions = Object.assign({}, options);","    // this.ui.writeInfo(this.startMessage);","","    this.startServer();","    const watch = Watch.new({ dir: globals.sourceDir });","    watch.run(this.reloadServer.bind(this));","","    return Promise.resolve();","  }","","  startServer() {","    browserSync.init({","      server     : `./${globals.buildDir}`,","      notify     : false,","      middleware : [historyApiFallback()],","      // ghostMode: {","      //   clicks: true,","      //   location: true,","      //   forms: true,","      //   scroll: false","      // }","    });","  }","","  reloadServer() {","    browserSync.reload();","  }","","  announceCompletion(result) {","    this.ui.writeSuccess(this.completionMessage);","    logger.logWarnings(result.stderr);","  }","","  annouceFailure(result) {","    this.ui.writeError(this.errorMessage);","    logger.logWarnings(result.stderr);","    return Promise.reject();","  }","","  writeProgress(result) {","    const _this = this;","    result.stdout.on('data', (data) => {","      if (_this.showFullLog) {","        _this.ui.writeInfo(data);","      } else {","        logger.logErrors(data);","      }","    });","","    result.stderr.on('data', (data) => {","      logger.logErrors(data);","    });","  }","}","","module.exports = {","  new : (args) => new Serve(args),","};",""],"l":{"3":2,"4":2,"5":2,"6":2,"7":2,"8":2,"12":0,"20":0,"23":0,"24":0,"25":0,"27":0,"31":0,"45":0,"49":0,"50":0,"54":0,"55":0,"56":0,"60":0,"61":0,"62":0,"63":0,"65":0,"69":0,"70":0,"75":0,"76":0}},"/home/travis/build/npmtest/node-npmtest-angular2-cli/node_modules/angular2-cli/lib/tasks/watch.js":{"path":"/home/travis/build/npmtest/node-npmtest-angular2-cli/node_modules/angular2-cli/lib/tasks/watch.js","s":{"1":4,"2":4,"3":4,"4":4,"5":0,"6":0,"7":0,"8":0,"9":0,"10":0,"11":0,"12":0,"13":0,"14":0,"15":0,"16":0,"17":0,"18":0,"19":0,"20":0,"21":0,"22":0,"23":0,"24":0,"25":0,"26":0,"27":0,"28":0,"29":0,"30":0,"31":0,"32":0},"b":{"1":[0,0,0,0,0]},"f":{"1":0,"2":0,"3":0,"4":0,"5":0,"6":0,"7":0,"8":0,"9":0,"10":0,"11":0},"fnMap":{"1":{"name":"(anonymous_1)","line":9,"loc":{"start":{"line":9,"column":13},"end":{"line":9,"column":20}}},"2":{"name":"(anonymous_2)","line":14,"loc":{"start":{"line":14,"column":5},"end":{"line":14,"column":16}}},"3":{"name":"(anonymous_3)","line":25,"loc":{"start":{"line":25,"column":10},"end":{"line":25,"column":13}}},"4":{"name":"(anonymous_4)","line":37,"loc":{"start":{"line":37,"column":9},"end":{"line":37,"column":12}}},"5":{"name":"(anonymous_5)","line":41,"loc":{"start":{"line":41,"column":10},"end":{"line":41,"column":13}}},"6":{"name":"(anonymous_6)","line":45,"loc":{"start":{"line":45,"column":8},"end":{"line":45,"column":15}}},"7":{"name":"(anonymous_7)","line":50,"loc":{"start":{"line":50,"column":11},"end":{"line":50,"column":18}}},"8":{"name":"(anonymous_8)","line":58,"loc":{"start":{"line":58,"column":11},"end":{"line":58,"column":18}}},"9":{"name":"(anonymous_9)","line":62,"loc":{"start":{"line":62,"column":10},"end":{"line":62,"column":18}}},"10":{"name":"(anonymous_10)","line":66,"loc":{"start":{"line":66,"column":14},"end":{"line":66,"column":21}}},"11":{"name":"(anonymous_11)","line":70,"loc":{"start":{"line":70,"column":10},"end":{"line":70,"column":17}}}},"statementMap":{"1":{"start":{"line":3,"column":0},"end":{"line":3,"column":36}},"2":{"start":{"line":4,"column":0},"end":{"line":4,"column":34}},"3":{"start":{"line":5,"column":0},"end":{"line":5,"column":40}},"4":{"start":{"line":6,"column":0},"end":{"line":6,"column":37}},"5":{"start":{"line":10,"column":4},"end":{"line":10,"column":47}},"6":{"start":{"line":11,"column":4},"end":{"line":11,"column":33}},"7":{"start":{"line":15,"column":4},"end":{"line":15,"column":36}},"8":{"start":{"line":16,"column":4},"end":{"line":16,"column":29}},"9":{"start":{"line":18,"column":4},"end":{"line":18,"column":46}},"10":{"start":{"line":19,"column":4},"end":{"line":19,"column":52}},"11":{"start":{"line":20,"column":4},"end":{"line":20,"column":52}},"12":{"start":{"line":21,"column":4},"end":{"line":21,"column":50}},"13":{"start":{"line":22,"column":4},"end":{"line":22,"column":50}},"14":{"start":{"line":26,"column":4},"end":{"line":33,"column":7}},"15":{"start":{"line":34,"column":4},"end":{"line":34,"column":53}},"16":{"start":{"line":38,"column":4},"end":{"line":38,"column":17}},"17":{"start":{"line":46,"column":4},"end":{"line":46,"column":40}},"18":{"start":{"line":47,"column":4},"end":{"line":47,"column":24}},"19":{"start":{"line":51,"column":4},"end":{"line":51,"column":42}},"20":{"start":{"line":52,"column":4},"end":{"line":55,"column":9}},"21":{"start":{"line":54,"column":8},"end":{"line":54,"column":24}},"22":{"start":{"line":59,"column":4},"end":{"line":59,"column":42}},"23":{"start":{"line":63,"column":4},"end":{"line":63,"column":57}},"24":{"start":{"line":67,"column":4},"end":{"line":67,"column":56}},"25":{"start":{"line":71,"column":4},"end":{"line":82,"column":5}},"26":{"start":{"line":73,"column":8},"end":{"line":73,"column":34}},"27":{"start":{"line":75,"column":8},"end":{"line":75,"column":33}},"28":{"start":{"line":77,"column":8},"end":{"line":77,"column":35}},"29":{"start":{"line":79,"column":8},"end":{"line":79,"column":35}},"30":{"start":{"line":83,"column":4},"end":{"line":83,"column":29}},"31":{"start":{"line":87,"column":0},"end":{"line":89,"column":2}},"32":{"start":{"line":88,"column":18},"end":{"line":88,"column":33}}},"branchMap":{"1":{"line":71,"type":"switch","locations":[{"start":{"line":72,"column":6},"end":{"line":73,"column":34}},{"start":{"line":74,"column":6},"end":{"line":75,"column":33}},{"start":{"line":76,"column":6},"end":{"line":77,"column":35}},{"start":{"line":78,"column":6},"end":{"line":79,"column":35}},{"start":{"line":80,"column":6},"end":{"line":80,"column":14}}]}},"code":["'use strict';","","const watch   = require('chokidar');","const Task    = require('./task');","const logger  = require('../ui/logger');","const Compile = require('./compile');","","class Watch extends Task {","  constructor(args) {","    super(Object.assign({}, { config: args }));","    this.compile = Compile.new();","  }","","  run(callback) {","    const watcher = this._watcher();","    this.callback = callback;","","    watcher.on('add', this._onAdd.bind(this));","    watcher.on('change', this._onChange.bind(this));","    watcher.on('unlink', this._onDelete.bind(this));","    watcher.on('ready', this._onReady.bind(this));","    watcher.on('error', this._onError.bind(this));","  }","","  _watcher() {","    const watchConfig = Object.assign({}, {","      ignored        : this._ignore,","      ignoreInitial  : true,","      persistent     : true,","      interval       : 100,","      binaryInterval : 300,","      usePolling     : true,","    });","    return watch.watch(this.config.dir, watchConfig);","  }","","  _ignore() { // name","    return false;","  }","","  _onReady() {","    // logger.writeInfo('watching...');","  }","","  _onAdd(file) {","    logger.writeInfo(`added : ${file}`);","    this._compile(file);","  }","","  _onChange(file) { // stats","    logger.writeInfo(`changed : ${file}`);","    this._compile(file).","      then(() => {","        this.callback();","      });","  }","","  _onDelete(file) {","    logger.writeInfo(`deleted : ${file}`);","  }","","  _onError(error) {","    logger.writeWarning(`File watching error: ${error}`);","  }","","  _getFileType(file) {","    return file.replace(/.*[\\.\\/\\\\]/, '').toLowerCase();","  }","","  _compile(file) {","    switch (this._getFileType(file)) {","      case 'pug':","        return this.compile.pug();","      case 'ts':","        return this.compile.ts();","      case 'scss':","        return this.compile.sass();","      case 'less':","        return this.compile.less();","      default:","        // nothing to compile","    }","    return Promise.resolve();","  }","}","","module.exports = {","  new : (args) => new Watch(args),","};",""],"l":{"3":4,"4":4,"5":4,"6":4,"10":0,"11":0,"15":0,"16":0,"18":0,"19":0,"20":0,"21":0,"22":0,"26":0,"34":0,"38":0,"46":0,"47":0,"51":0,"52":0,"54":0,"59":0,"63":0,"67":0,"71":0,"73":0,"75":0,"77":0,"79":0,"83":0,"87":0,"88":0}},"/home/travis/build/npmtest/node-npmtest-angular2-cli/node_modules/angular2-cli/lib/webpack/template-loader.js":{"path":"/home/travis/build/npmtest/node-npmtest-angular2-cli/node_modules/angular2-cli/lib/webpack/template-loader.js","s":{"1":1,"2":1,"3":1,"4":1,"5":1,"6":1,"7":0,"8":0,"9":1,"10":0,"11":0,"12":0,"13":0,"14":0,"15":0,"16":0,"17":0,"18":1},"b":{"1":[0,0]},"f":{"1":0,"2":0},"fnMap":{"1":{"name":"absolutePath","line":8,"loc":{"start":{"line":8,"column":0},"end":{"line":8,"column":38}}},"2":{"name":"loader","line":14,"loc":{"start":{"line":14,"column":0},"end":{"line":14,"column":25}}}},"statementMap":{"1":{"start":{"line":1,"column":0},"end":{"line":1,"column":44}},"2":{"start":{"line":2,"column":0},"end":{"line":2,"column":29}},"3":{"start":{"line":4,"column":0},"end":{"line":4,"column":49}},"4":{"start":{"line":5,"column":0},"end":{"line":5,"column":52}},"5":{"start":{"line":6,"column":0},"end":{"line":6,"column":51}},"6":{"start":{"line":8,"column":0},"end":{"line":12,"column":1}},"7":{"start":{"line":11,"column":2},"end":{"line":11,"column":91}},"8":{"start":{"line":11,"column":58},"end":{"line":11,"column":89}},"9":{"start":{"line":14,"column":0},"end":{"line":39,"column":1}},"10":{"start":{"line":15,"column":2},"end":{"line":15,"column":51}},"11":{"start":{"line":16,"column":2},"end":{"line":17,"column":46}},"12":{"start":{"line":20,"column":2},"end":{"line":22,"column":3}},"13":{"start":{"line":21,"column":4},"end":{"line":21,"column":21}},"14":{"start":{"line":24,"column":2},"end":{"line":30,"column":22}},"15":{"start":{"line":26,"column":38},"end":{"line":26,"column":87}},"16":{"start":{"line":29,"column":39},"end":{"line":29,"column":87}},"17":{"start":{"line":37,"column":2},"end":{"line":37,"column":19}},"18":{"start":{"line":41,"column":0},"end":{"line":41,"column":24}}},"branchMap":{"1":{"line":20,"type":"if","locations":[{"start":{"line":20,"column":2},"end":{"line":20,"column":2}},{"start":{"line":20,"column":2},"end":{"line":20,"column":2}}]}},"code":["const loaderUtils = require('loader-utils');","const path = require('path');","","const templateUrlRegex = /templateUrl *:(.*)$/gm;","const stylesRegex = /styleUrls *:(\\s*\\[[^\\]]*?\\])/g;","const stringRegex = /(['\"])((?:[^\\\\]\\\\\\1|.)*?)\\1/g;","","function absolutePath(urls, basePath) {","  // const fullUrl = url.charAt(0) !== '.' ? `${url}` : url;","  // return `require('${fullUrl}')`;","  return urls.replace(stringRegex, (match, quote, url) => `'${path.join(basePath, url)}'`);","}","","function loader(content) {","  const query = loaderUtils.parseQuery(this.query);","  const relativePath = path.relative(query.rootPath, path.dirname(this.resourcePath))","                       .replace(/^src/g, '.');","","  // Not cacheable during unit tests;","  if (this.cacheable) {","    this.cacheable();","  }","","  const newSource = content.replace(","                      templateUrlRegex,","                      (match, url) => `templateUrl: ${absolutePath(url, relativePath)}`","                    ).replace(","                      stylesRegex,","                      (match, urls) => `styleUrls: ${absolutePath(urls, relativePath)}`","                    );","","  // Support for tests","  // if (this.callback) {","  //   this.callback(null, newSource, sourcemap);","  // }","  // else {","  return newSource;","  // }","}","","module.exports = loader;",""],"l":{"1":1,"2":1,"4":1,"5":1,"6":1,"8":1,"11":0,"14":1,"15":0,"16":0,"20":0,"21":0,"24":0,"26":0,"29":0,"37":0,"41":1}}}